TN:
SF:src\App.jsx
FN:27,(anonymous_0)
FN:28,(anonymous_1)
FN:29,(anonymous_2)
FN:30,(anonymous_3)
FN:31,(anonymous_4)
FN:32,(anonymous_5)
FN:33,(anonymous_6)
FN:34,(anonymous_7)
FN:35,(anonymous_8)
FN:36,(anonymous_9)
FN:37,(anonymous_10)
FN:38,(anonymous_11)
FN:39,(anonymous_12)
FN:40,(anonymous_13)
FN:41,(anonymous_14)
FN:42,(anonymous_15)
FN:43,(anonymous_16)
FN:44,(anonymous_17)
FN:45,(anonymous_18)
FN:46,(anonymous_19)
FN:47,(anonymous_20)
FN:48,(anonymous_21)
FN:49,(anonymous_22)
FN:50,(anonymous_23)
FN:51,(anonymous_24)
FN:51,(anonymous_25)
FN:52,(anonymous_26)
FN:52,(anonymous_27)
FN:53,(anonymous_28)
FN:53,(anonymous_29)
FN:54,(anonymous_30)
FN:54,(anonymous_31)
FN:55,(anonymous_32)
FN:55,(anonymous_33)
FN:56,(anonymous_34)
FN:56,(anonymous_35)
FN:57,(anonymous_36)
FN:57,(anonymous_37)
FN:58,(anonymous_38)
FN:58,(anonymous_39)
FN:59,(anonymous_40)
FN:59,(anonymous_41)
FN:60,(anonymous_42)
FN:60,(anonymous_43)
FN:61,(anonymous_44)
FN:61,(anonymous_45)
FN:62,(anonymous_46)
FN:62,(anonymous_47)
FN:63,(anonymous_48)
FN:64,(anonymous_49)
FN:65,(anonymous_50)
FN:65,(anonymous_51)
FN:66,(anonymous_52)
FN:66,(anonymous_53)
FN:67,(anonymous_54)
FN:67,(anonymous_55)
FN:68,(anonymous_56)
FN:68,(anonymous_57)
FN:69,(anonymous_58)
FN:69,(anonymous_59)
FN:70,(anonymous_60)
FN:70,(anonymous_61)
FN:71,(anonymous_62)
FN:72,(anonymous_63)
FN:73,(anonymous_64)
FN:73,(anonymous_65)
FN:74,(anonymous_66)
FN:74,(anonymous_67)
FN:75,(anonymous_68)
FN:75,(anonymous_69)
FN:76,(anonymous_70)
FN:76,(anonymous_71)
FN:77,(anonymous_72)
FN:77,(anonymous_73)
FN:78,(anonymous_74)
FN:78,(anonymous_75)
FN:79,(anonymous_76)
FN:79,(anonymous_77)
FN:80,(anonymous_78)
FN:80,(anonymous_79)
FN:81,(anonymous_80)
FN:81,(anonymous_81)
FN:82,(anonymous_82)
FN:82,(anonymous_83)
FN:83,(anonymous_84)
FN:83,(anonymous_85)
FN:84,(anonymous_86)
FN:84,(anonymous_87)
FN:85,(anonymous_88)
FN:85,(anonymous_89)
FN:86,(anonymous_90)
FN:86,(anonymous_91)
FN:87,(anonymous_92)
FN:87,(anonymous_93)
FN:88,(anonymous_94)
FN:88,(anonymous_95)
FN:89,(anonymous_96)
FN:89,(anonymous_97)
FN:90,(anonymous_98)
FN:90,(anonymous_99)
FN:91,(anonymous_100)
FN:91,(anonymous_101)
FN:92,(anonymous_102)
FN:92,(anonymous_103)
FN:93,(anonymous_104)
FN:94,(anonymous_105)
FN:95,(anonymous_106)
FN:96,(anonymous_107)
FN:97,(anonymous_108)
FN:97,(anonymous_109)
FN:98,(anonymous_110)
FN:98,(anonymous_111)
FN:99,(anonymous_112)
FN:99,(anonymous_113)
FN:100,(anonymous_114)
FN:100,(anonymous_115)
FN:101,(anonymous_116)
FN:101,(anonymous_117)
FN:102,(anonymous_118)
FN:102,(anonymous_119)
FN:103,(anonymous_120)
FN:103,(anonymous_121)
FN:104,(anonymous_122)
FN:104,(anonymous_123)
FN:105,(anonymous_124)
FN:105,(anonymous_125)
FN:106,(anonymous_126)
FN:106,(anonymous_127)
FN:107,(anonymous_128)
FN:107,(anonymous_129)
FN:108,(anonymous_130)
FN:108,(anonymous_131)
FN:109,(anonymous_132)
FN:109,(anonymous_133)
FN:110,(anonymous_134)
FN:110,(anonymous_135)
FN:111,(anonymous_136)
FN:111,(anonymous_137)
FN:112,(anonymous_138)
FN:112,(anonymous_139)
FN:113,(anonymous_140)
FN:113,(anonymous_141)
FN:114,(anonymous_142)
FN:114,(anonymous_143)
FN:115,(anonymous_144)
FN:115,(anonymous_145)
FN:116,(anonymous_146)
FN:116,(anonymous_147)
FN:117,(anonymous_148)
FN:117,(anonymous_149)
FN:118,(anonymous_150)
FN:118,(anonymous_151)
FN:119,(anonymous_152)
FN:119,(anonymous_153)
FN:120,(anonymous_154)
FN:120,(anonymous_155)
FN:121,(anonymous_156)
FN:121,(anonymous_157)
FN:122,(anonymous_158)
FN:122,(anonymous_159)
FN:123,(anonymous_160)
FN:124,(anonymous_161)
FN:125,(anonymous_162)
FN:126,(anonymous_163)
FN:127,(anonymous_164)
FN:128,(anonymous_165)
FN:129,(anonymous_166)
FN:130,(anonymous_167)
FN:131,(anonymous_168)
FN:132,(anonymous_169)
FN:133,(anonymous_170)
FN:134,(anonymous_171)
FN:135,(anonymous_172)
FN:136,(anonymous_173)
FN:137,(anonymous_174)
FN:138,(anonymous_175)
FN:139,(anonymous_176)
FN:140,(anonymous_177)
FN:141,(anonymous_178)
FN:142,(anonymous_179)
FN:143,(anonymous_180)
FN:144,(anonymous_181)
FN:145,(anonymous_182)
FN:146,(anonymous_183)
FN:147,(anonymous_184)
FN:148,(anonymous_185)
FN:149,(anonymous_186)
FN:150,(anonymous_187)
FN:151,(anonymous_188)
FN:152,(anonymous_189)
FN:161,pushUrl
FN:164,canEarnXP
FN:167,markExerciseDone
FN:171,App
FN:175,(anonymous_194)
FN:210,(anonymous_195)
FN:218,(anonymous_196)
FN:222,(anonymous_197)
FN:225,(anonymous_198)
FN:225,(anonymous_199)
FN:225,(anonymous_200)
FN:227,(anonymous_201)
FN:262,(anonymous_202)
FN:274,(anonymous_203)
FN:282,(anonymous_204)
FN:285,(anonymous_205)
FN:290,(anonymous_206)
FN:295,(anonymous_207)
FN:295,(anonymous_208)
FN:296,(anonymous_209)
FN:296,(anonymous_210)
FN:296,(anonymous_211)
FN:297,(anonymous_212)
FN:297,(anonymous_213)
FN:297,(anonymous_214)
FN:298,(anonymous_215)
FN:299,(anonymous_216)
FN:299,fetchIfNewer
FN:299,(anonymous_218)
FN:299,(anonymous_219)
FN:300,onVisible
FN:300,onFocus
FN:300,(anonymous_222)
FN:300,(anonymous_223)
FN:305,(anonymous_224)
FN:308,(anonymous_225)
FN:309,(anonymous_226)
FN:313,(anonymous_227)
FN:316,(anonymous_228)
FN:319,(anonymous_229)
FN:353,onPopState
FN:365,(anonymous_231)
FN:367,(anonymous_232)
FN:368,(anonymous_233)
FN:371,(anonymous_234)
FN:371,(anonymous_235)
FN:371,(anonymous_236)
FN:371,(anonymous_237)
FN:371,(anonymous_238)
FN:372,(anonymous_239)
FN:373,(anonymous_240)
FN:375,(anonymous_241)
FN:378,_goPostAuth
FN:386,(anonymous_243)
FN:386,(anonymous_244)
FN:386,(anonymous_245)
FN:387,goBack
FN:397,(anonymous_247)
FN:399,(anonymous_248)
FN:399,(anonymous_249)
FN:400,(anonymous_250)
FN:404,launchMcGame
FN:405,mcGameComplete
FN:406,launchFlashcards
FN:407,launchListening
FN:409,launchPathItem
FN:419,(anonymous_256)
FN:420,(anonymous_257)
FN:420,(anonymous_258)
FN:420,(anonymous_259)
FN:449,doSidebarSearch
FN:460,(anonymous_261)
FN:461,(anonymous_262)
FN:470,(anonymous_263)
FN:488,(anonymous_264)
FN:489,(anonymous_265)
FN:490,(anonymous_266)
FN:514,(anonymous_267)
FN:519,(anonymous_268)
FN:531,(anonymous_269)
FNF:270
FNH:0
FNDA:0,(anonymous_0)
FNDA:0,(anonymous_1)
FNDA:0,(anonymous_2)
FNDA:0,(anonymous_3)
FNDA:0,(anonymous_4)
FNDA:0,(anonymous_5)
FNDA:0,(anonymous_6)
FNDA:0,(anonymous_7)
FNDA:0,(anonymous_8)
FNDA:0,(anonymous_9)
FNDA:0,(anonymous_10)
FNDA:0,(anonymous_11)
FNDA:0,(anonymous_12)
FNDA:0,(anonymous_13)
FNDA:0,(anonymous_14)
FNDA:0,(anonymous_15)
FNDA:0,(anonymous_16)
FNDA:0,(anonymous_17)
FNDA:0,(anonymous_18)
FNDA:0,(anonymous_19)
FNDA:0,(anonymous_20)
FNDA:0,(anonymous_21)
FNDA:0,(anonymous_22)
FNDA:0,(anonymous_23)
FNDA:0,(anonymous_24)
FNDA:0,(anonymous_25)
FNDA:0,(anonymous_26)
FNDA:0,(anonymous_27)
FNDA:0,(anonymous_28)
FNDA:0,(anonymous_29)
FNDA:0,(anonymous_30)
FNDA:0,(anonymous_31)
FNDA:0,(anonymous_32)
FNDA:0,(anonymous_33)
FNDA:0,(anonymous_34)
FNDA:0,(anonymous_35)
FNDA:0,(anonymous_36)
FNDA:0,(anonymous_37)
FNDA:0,(anonymous_38)
FNDA:0,(anonymous_39)
FNDA:0,(anonymous_40)
FNDA:0,(anonymous_41)
FNDA:0,(anonymous_42)
FNDA:0,(anonymous_43)
FNDA:0,(anonymous_44)
FNDA:0,(anonymous_45)
FNDA:0,(anonymous_46)
FNDA:0,(anonymous_47)
FNDA:0,(anonymous_48)
FNDA:0,(anonymous_49)
FNDA:0,(anonymous_50)
FNDA:0,(anonymous_51)
FNDA:0,(anonymous_52)
FNDA:0,(anonymous_53)
FNDA:0,(anonymous_54)
FNDA:0,(anonymous_55)
FNDA:0,(anonymous_56)
FNDA:0,(anonymous_57)
FNDA:0,(anonymous_58)
FNDA:0,(anonymous_59)
FNDA:0,(anonymous_60)
FNDA:0,(anonymous_61)
FNDA:0,(anonymous_62)
FNDA:0,(anonymous_63)
FNDA:0,(anonymous_64)
FNDA:0,(anonymous_65)
FNDA:0,(anonymous_66)
FNDA:0,(anonymous_67)
FNDA:0,(anonymous_68)
FNDA:0,(anonymous_69)
FNDA:0,(anonymous_70)
FNDA:0,(anonymous_71)
FNDA:0,(anonymous_72)
FNDA:0,(anonymous_73)
FNDA:0,(anonymous_74)
FNDA:0,(anonymous_75)
FNDA:0,(anonymous_76)
FNDA:0,(anonymous_77)
FNDA:0,(anonymous_78)
FNDA:0,(anonymous_79)
FNDA:0,(anonymous_80)
FNDA:0,(anonymous_81)
FNDA:0,(anonymous_82)
FNDA:0,(anonymous_83)
FNDA:0,(anonymous_84)
FNDA:0,(anonymous_85)
FNDA:0,(anonymous_86)
FNDA:0,(anonymous_87)
FNDA:0,(anonymous_88)
FNDA:0,(anonymous_89)
FNDA:0,(anonymous_90)
FNDA:0,(anonymous_91)
FNDA:0,(anonymous_92)
FNDA:0,(anonymous_93)
FNDA:0,(anonymous_94)
FNDA:0,(anonymous_95)
FNDA:0,(anonymous_96)
FNDA:0,(anonymous_97)
FNDA:0,(anonymous_98)
FNDA:0,(anonymous_99)
FNDA:0,(anonymous_100)
FNDA:0,(anonymous_101)
FNDA:0,(anonymous_102)
FNDA:0,(anonymous_103)
FNDA:0,(anonymous_104)
FNDA:0,(anonymous_105)
FNDA:0,(anonymous_106)
FNDA:0,(anonymous_107)
FNDA:0,(anonymous_108)
FNDA:0,(anonymous_109)
FNDA:0,(anonymous_110)
FNDA:0,(anonymous_111)
FNDA:0,(anonymous_112)
FNDA:0,(anonymous_113)
FNDA:0,(anonymous_114)
FNDA:0,(anonymous_115)
FNDA:0,(anonymous_116)
FNDA:0,(anonymous_117)
FNDA:0,(anonymous_118)
FNDA:0,(anonymous_119)
FNDA:0,(anonymous_120)
FNDA:0,(anonymous_121)
FNDA:0,(anonymous_122)
FNDA:0,(anonymous_123)
FNDA:0,(anonymous_124)
FNDA:0,(anonymous_125)
FNDA:0,(anonymous_126)
FNDA:0,(anonymous_127)
FNDA:0,(anonymous_128)
FNDA:0,(anonymous_129)
FNDA:0,(anonymous_130)
FNDA:0,(anonymous_131)
FNDA:0,(anonymous_132)
FNDA:0,(anonymous_133)
FNDA:0,(anonymous_134)
FNDA:0,(anonymous_135)
FNDA:0,(anonymous_136)
FNDA:0,(anonymous_137)
FNDA:0,(anonymous_138)
FNDA:0,(anonymous_139)
FNDA:0,(anonymous_140)
FNDA:0,(anonymous_141)
FNDA:0,(anonymous_142)
FNDA:0,(anonymous_143)
FNDA:0,(anonymous_144)
FNDA:0,(anonymous_145)
FNDA:0,(anonymous_146)
FNDA:0,(anonymous_147)
FNDA:0,(anonymous_148)
FNDA:0,(anonymous_149)
FNDA:0,(anonymous_150)
FNDA:0,(anonymous_151)
FNDA:0,(anonymous_152)
FNDA:0,(anonymous_153)
FNDA:0,(anonymous_154)
FNDA:0,(anonymous_155)
FNDA:0,(anonymous_156)
FNDA:0,(anonymous_157)
FNDA:0,(anonymous_158)
FNDA:0,(anonymous_159)
FNDA:0,(anonymous_160)
FNDA:0,(anonymous_161)
FNDA:0,(anonymous_162)
FNDA:0,(anonymous_163)
FNDA:0,(anonymous_164)
FNDA:0,(anonymous_165)
FNDA:0,(anonymous_166)
FNDA:0,(anonymous_167)
FNDA:0,(anonymous_168)
FNDA:0,(anonymous_169)
FNDA:0,(anonymous_170)
FNDA:0,(anonymous_171)
FNDA:0,(anonymous_172)
FNDA:0,(anonymous_173)
FNDA:0,(anonymous_174)
FNDA:0,(anonymous_175)
FNDA:0,(anonymous_176)
FNDA:0,(anonymous_177)
FNDA:0,(anonymous_178)
FNDA:0,(anonymous_179)
FNDA:0,(anonymous_180)
FNDA:0,(anonymous_181)
FNDA:0,(anonymous_182)
FNDA:0,(anonymous_183)
FNDA:0,(anonymous_184)
FNDA:0,(anonymous_185)
FNDA:0,(anonymous_186)
FNDA:0,(anonymous_187)
FNDA:0,(anonymous_188)
FNDA:0,(anonymous_189)
FNDA:0,pushUrl
FNDA:0,canEarnXP
FNDA:0,markExerciseDone
FNDA:0,App
FNDA:0,(anonymous_194)
FNDA:0,(anonymous_195)
FNDA:0,(anonymous_196)
FNDA:0,(anonymous_197)
FNDA:0,(anonymous_198)
FNDA:0,(anonymous_199)
FNDA:0,(anonymous_200)
FNDA:0,(anonymous_201)
FNDA:0,(anonymous_202)
FNDA:0,(anonymous_203)
FNDA:0,(anonymous_204)
FNDA:0,(anonymous_205)
FNDA:0,(anonymous_206)
FNDA:0,(anonymous_207)
FNDA:0,(anonymous_208)
FNDA:0,(anonymous_209)
FNDA:0,(anonymous_210)
FNDA:0,(anonymous_211)
FNDA:0,(anonymous_212)
FNDA:0,(anonymous_213)
FNDA:0,(anonymous_214)
FNDA:0,(anonymous_215)
FNDA:0,(anonymous_216)
FNDA:0,fetchIfNewer
FNDA:0,(anonymous_218)
FNDA:0,(anonymous_219)
FNDA:0,onVisible
FNDA:0,onFocus
FNDA:0,(anonymous_222)
FNDA:0,(anonymous_223)
FNDA:0,(anonymous_224)
FNDA:0,(anonymous_225)
FNDA:0,(anonymous_226)
FNDA:0,(anonymous_227)
FNDA:0,(anonymous_228)
FNDA:0,(anonymous_229)
FNDA:0,onPopState
FNDA:0,(anonymous_231)
FNDA:0,(anonymous_232)
FNDA:0,(anonymous_233)
FNDA:0,(anonymous_234)
FNDA:0,(anonymous_235)
FNDA:0,(anonymous_236)
FNDA:0,(anonymous_237)
FNDA:0,(anonymous_238)
FNDA:0,(anonymous_239)
FNDA:0,(anonymous_240)
FNDA:0,(anonymous_241)
FNDA:0,_goPostAuth
FNDA:0,(anonymous_243)
FNDA:0,(anonymous_244)
FNDA:0,(anonymous_245)
FNDA:0,goBack
FNDA:0,(anonymous_247)
FNDA:0,(anonymous_248)
FNDA:0,(anonymous_249)
FNDA:0,(anonymous_250)
FNDA:0,launchMcGame
FNDA:0,mcGameComplete
FNDA:0,launchFlashcards
FNDA:0,launchListening
FNDA:0,launchPathItem
FNDA:0,(anonymous_256)
FNDA:0,(anonymous_257)
FNDA:0,(anonymous_258)
FNDA:0,(anonymous_259)
FNDA:0,doSidebarSearch
FNDA:0,(anonymous_261)
FNDA:0,(anonymous_262)
FNDA:0,(anonymous_263)
FNDA:0,(anonymous_264)
FNDA:0,(anonymous_265)
FNDA:0,(anonymous_266)
FNDA:0,(anonymous_267)
FNDA:0,(anonymous_268)
FNDA:0,(anonymous_269)
DA:27,0
DA:28,0
DA:29,0
DA:30,0
DA:31,0
DA:32,0
DA:33,0
DA:34,0
DA:35,0
DA:36,0
DA:37,0
DA:38,0
DA:39,0
DA:40,0
DA:41,0
DA:42,0
DA:43,0
DA:44,0
DA:45,0
DA:46,0
DA:47,0
DA:48,0
DA:49,0
DA:50,0
DA:51,0
DA:52,0
DA:53,0
DA:54,0
DA:55,0
DA:56,0
DA:57,0
DA:58,0
DA:59,0
DA:60,0
DA:61,0
DA:62,0
DA:63,0
DA:64,0
DA:65,0
DA:66,0
DA:67,0
DA:68,0
DA:69,0
DA:70,0
DA:71,0
DA:72,0
DA:73,0
DA:74,0
DA:75,0
DA:76,0
DA:77,0
DA:78,0
DA:79,0
DA:80,0
DA:81,0
DA:82,0
DA:83,0
DA:84,0
DA:85,0
DA:86,0
DA:87,0
DA:88,0
DA:89,0
DA:90,0
DA:91,0
DA:92,0
DA:93,0
DA:94,0
DA:95,0
DA:96,0
DA:97,0
DA:98,0
DA:99,0
DA:100,0
DA:101,0
DA:102,0
DA:103,0
DA:104,0
DA:105,0
DA:106,0
DA:107,0
DA:108,0
DA:109,0
DA:110,0
DA:111,0
DA:112,0
DA:113,0
DA:114,0
DA:115,0
DA:116,0
DA:117,0
DA:118,0
DA:119,0
DA:120,0
DA:121,0
DA:122,0
DA:123,0
DA:124,0
DA:125,0
DA:126,0
DA:127,0
DA:128,0
DA:129,0
DA:130,0
DA:131,0
DA:132,0
DA:133,0
DA:134,0
DA:135,0
DA:136,0
DA:137,0
DA:138,0
DA:139,0
DA:140,0
DA:141,0
DA:142,0
DA:143,0
DA:144,0
DA:145,0
DA:146,0
DA:147,0
DA:148,0
DA:149,0
DA:150,0
DA:151,0
DA:152,0
DA:155,0
DA:157,0
DA:158,0
DA:160,0
DA:161,0
DA:165,0
DA:168,0
DA:172,0
DA:173,0
DA:174,0
DA:175,0
DA:176,0
DA:177,0
DA:178,0
DA:180,0
DA:181,0
DA:182,0
DA:183,0
DA:184,0
DA:185,0
DA:186,0
DA:187,0
DA:188,0
DA:189,0
DA:190,0
DA:191,0
DA:192,0
DA:193,0
DA:194,0
DA:195,0
DA:196,0
DA:197,0
DA:198,0
DA:199,0
DA:200,0
DA:201,0
DA:202,0
DA:203,0
DA:204,0
DA:205,0
DA:206,0
DA:207,0
DA:208,0
DA:209,0
DA:210,0
DA:211,0
DA:212,0
DA:213,0
DA:214,0
DA:215,0
DA:216,0
DA:217,0
DA:218,0
DA:219,0
DA:220,0
DA:221,0
DA:222,0
DA:225,0
DA:227,0
DA:228,0
DA:229,0
DA:230,0
DA:231,0
DA:232,0
DA:233,0
DA:234,0
DA:235,0
DA:236,0
DA:238,0
DA:239,0
DA:240,0
DA:241,0
DA:242,0
DA:243,0
DA:244,0
DA:245,0
DA:246,0
DA:261,0
DA:263,0
DA:264,0
DA:265,0
DA:267,0
DA:268,0
DA:269,0
DA:270,0
DA:271,0
DA:272,0
DA:274,0
DA:281,0
DA:282,0
DA:283,0
DA:284,0
DA:285,0
DA:286,0
DA:287,0
DA:288,0
DA:289,0
DA:290,0
DA:291,0
DA:293,0
DA:295,0
DA:296,0
DA:297,0
DA:298,0
DA:299,0
DA:300,0
DA:305,0
DA:308,0
DA:309,0
DA:310,0
DA:311,0
DA:312,0
DA:313,0
DA:315,0
DA:316,0
DA:319,0
DA:321,0
DA:322,0
DA:324,0
DA:354,0
DA:356,0
DA:357,0
DA:359,0
DA:361,0
DA:362,0
DA:364,0
DA:365,0
DA:367,0
DA:368,0
DA:369,0
DA:370,0
DA:371,0
DA:372,0
DA:373,0
DA:374,0
DA:375,0
DA:376,0
DA:379,0
DA:380,0
DA:381,0
DA:382,0
DA:383,0
DA:384,0
DA:386,0
DA:388,0
DA:389,0
DA:393,0
DA:394,0
DA:395,0
DA:397,0
DA:399,0
DA:400,0
DA:401,0
DA:402,0
DA:404,0
DA:405,0
DA:406,0
DA:407,0
DA:410,0
DA:411,0
DA:412,0
DA:413,0
DA:414,0
DA:415,0
DA:416,0
DA:417,0
DA:418,0
DA:419,0
DA:420,0
DA:421,0
DA:423,0
DA:427,0
DA:441,0
DA:442,0
DA:445,0
DA:446,0
DA:449,0
DA:450,0
DA:451,0
DA:460,0
DA:461,0
DA:470,0
DA:488,0
DA:489,0
DA:490,0
DA:514,0
DA:519,0
DA:531,0
LF:314
LH:0
BRDA:161,0,0,0
BRDA:161,0,1,0
BRDA:165,1,0,0
BRDA:165,1,1,0
BRDA:168,2,0,0
BRDA:168,2,1,0
BRDA:168,3,0,0
BRDA:168,3,1,0
BRDA:177,4,0,0
BRDA:177,4,1,0
BRDA:177,5,0,0
BRDA:177,5,1,0
BRDA:178,6,0,0
BRDA:178,6,1,0
BRDA:210,7,0,0
BRDA:210,7,1,0
BRDA:222,8,0,0
BRDA:222,8,1,0
BRDA:228,9,0,0
BRDA:228,9,1,0
BRDA:229,10,0,0
BRDA:229,10,1,0
BRDA:230,11,0,0
BRDA:230,11,1,0
BRDA:231,12,0,0
BRDA:231,12,1,0
BRDA:232,13,0,0
BRDA:232,13,1,0
BRDA:233,14,0,0
BRDA:233,14,1,0
BRDA:235,15,0,0
BRDA:235,15,1,0
BRDA:235,16,0,0
BRDA:235,16,1,0
BRDA:235,17,0,0
BRDA:235,17,1,0
BRDA:235,18,0,0
BRDA:235,18,1,0
BRDA:235,19,0,0
BRDA:235,19,1,0
BRDA:236,20,0,0
BRDA:236,20,1,0
BRDA:236,21,0,0
BRDA:236,21,1,0
BRDA:236,22,0,0
BRDA:236,22,1,0
BRDA:263,23,0,0
BRDA:263,23,1,0
BRDA:264,24,0,0
BRDA:264,24,1,0
BRDA:264,25,0,0
BRDA:264,25,1,0
BRDA:264,26,0,0
BRDA:264,26,1,0
BRDA:267,27,0,0
BRDA:267,27,1,0
BRDA:268,28,0,0
BRDA:268,28,1,0
BRDA:269,29,0,0
BRDA:269,29,1,0
BRDA:270,30,0,0
BRDA:270,30,1,0
BRDA:270,31,0,0
BRDA:270,31,1,0
BRDA:270,31,2,0
BRDA:270,31,3,0
BRDA:272,32,0,0
BRDA:272,32,1,0
BRDA:283,33,0,0
BRDA:283,33,1,0
BRDA:285,34,0,0
BRDA:285,34,1,0
BRDA:285,35,0,0
BRDA:285,35,1,0
BRDA:285,36,0,0
BRDA:285,36,1,0
BRDA:285,37,0,0
BRDA:285,37,1,0
BRDA:287,38,0,0
BRDA:287,38,1,0
BRDA:295,39,0,0
BRDA:295,39,1,0
BRDA:295,40,0,0
BRDA:295,40,1,0
BRDA:295,41,0,0
BRDA:295,41,1,0
BRDA:295,42,0,0
BRDA:295,42,1,0
BRDA:295,43,0,0
BRDA:295,43,1,0
BRDA:296,44,0,0
BRDA:296,44,1,0
BRDA:296,45,0,0
BRDA:296,45,1,0
BRDA:297,46,0,0
BRDA:297,46,1,0
BRDA:298,47,0,0
BRDA:298,47,1,0
BRDA:298,48,0,0
BRDA:298,48,1,0
BRDA:298,48,2,0
BRDA:298,49,0,0
BRDA:298,49,1,0
BRDA:299,50,0,0
BRDA:299,50,1,0
BRDA:299,51,0,0
BRDA:299,51,1,0
BRDA:299,52,0,0
BRDA:299,52,1,0
BRDA:299,53,0,0
BRDA:299,53,1,0
BRDA:299,53,2,0
BRDA:299,54,0,0
BRDA:299,54,1,0
BRDA:299,54,2,0
BRDA:299,55,0,0
BRDA:299,55,1,0
BRDA:299,56,0,0
BRDA:299,56,1,0
BRDA:299,57,0,0
BRDA:299,57,1,0
BRDA:300,58,0,0
BRDA:300,58,1,0
BRDA:300,59,0,0
BRDA:300,59,1,0
BRDA:305,60,0,0
BRDA:305,60,1,0
BRDA:305,61,0,0
BRDA:305,61,1,0
BRDA:305,61,2,0
BRDA:311,62,0,0
BRDA:311,62,1,0
BRDA:311,63,0,0
BRDA:311,63,1,0
BRDA:313,64,0,0
BRDA:313,64,1,0
BRDA:313,65,0,0
BRDA:313,65,1,0
BRDA:313,66,0,0
BRDA:313,66,1,0
BRDA:356,67,0,0
BRDA:356,67,1,0
BRDA:359,68,0,0
BRDA:359,68,1,0
BRDA:359,69,0,0
BRDA:359,69,1,0
BRDA:359,69,2,0
BRDA:362,70,0,0
BRDA:362,70,1,0
BRDA:368,71,0,0
BRDA:368,71,1,0
BRDA:368,72,0,0
BRDA:368,72,1,0
BRDA:369,73,0,0
BRDA:369,73,1,0
BRDA:371,74,0,0
BRDA:371,74,1,0
BRDA:371,75,0,0
BRDA:371,75,1,0
BRDA:373,76,0,0
BRDA:373,76,1,0
BRDA:373,77,0,0
BRDA:373,77,1,0
BRDA:375,78,0,0
BRDA:375,78,1,0
BRDA:379,79,0,0
BRDA:379,79,1,0
BRDA:383,80,0,0
BRDA:383,80,1,0
BRDA:386,81,0,0
BRDA:386,81,1,0
BRDA:386,82,0,0
BRDA:386,82,1,0
BRDA:386,83,0,0
BRDA:386,83,1,0
BRDA:388,84,0,0
BRDA:388,84,1,0
BRDA:393,85,0,0
BRDA:393,85,1,0
BRDA:393,85,2,0
BRDA:394,86,0,0
BRDA:394,86,1,0
BRDA:410,87,0,0
BRDA:410,87,1,0
BRDA:411,88,0,0
BRDA:411,88,1,0
BRDA:411,89,0,0
BRDA:411,89,1,0
BRDA:415,90,0,0
BRDA:415,90,1,0
BRDA:418,91,0,0
BRDA:418,91,1,0
BRDA:427,92,0,0
BRDA:427,92,1,0
BRDA:429,93,0,0
BRDA:429,93,1,0
BRDA:430,94,0,0
BRDA:430,94,1,0
BRDA:441,95,0,0
BRDA:441,95,1,0
BRDA:441,96,0,0
BRDA:441,96,1,0
BRDA:445,97,0,0
BRDA:445,97,1,0
BRDA:449,98,0,0
BRDA:449,98,1,0
BRDA:453,99,0,0
BRDA:453,99,1,0
BRDA:453,100,0,0
BRDA:453,100,1,0
BRDA:454,101,0,0
BRDA:454,101,1,0
BRDA:454,101,2,0
BRDA:454,101,3,0
BRDA:459,102,0,0
BRDA:459,102,1,0
BRDA:460,103,0,0
BRDA:460,103,1,0
BRDA:461,104,0,0
BRDA:461,104,1,0
BRDA:461,104,2,0
BRDA:461,104,3,0
BRDA:461,104,4,0
BRDA:462,105,0,0
BRDA:462,105,1,0
BRDA:463,106,0,0
BRDA:463,106,1,0
BRDA:477,107,0,0
BRDA:477,107,1,0
BRDA:478,108,0,0
BRDA:478,108,1,0
BRDA:480,109,0,0
BRDA:480,109,1,0
BRDA:489,110,0,0
BRDA:489,110,1,0
BRDA:490,111,0,0
BRDA:490,111,1,0
BRDA:493,112,0,0
BRDA:493,112,1,0
BRDA:499,113,0,0
BRDA:499,113,1,0
BRDA:499,113,2,0
BRDA:499,113,3,0
BRDA:507,114,0,0
BRDA:507,114,1,0
BRDA:507,114,2,0
BRDA:525,115,0,0
BRDA:525,115,1,0
BRDA:525,116,0,0
BRDA:525,116,1,0
BRDA:526,117,0,0
BRDA:526,117,1,0
BRDA:526,118,0,0
BRDA:526,118,1,0
BRDA:537,119,0,0
BRDA:537,119,1,0
BRDA:549,120,0,0
BRDA:549,120,1,0
BRDA:559,121,0,0
BRDA:559,121,1,0
BRDA:572,122,0,0
BRDA:572,122,1,0
BRDA:579,123,0,0
BRDA:579,123,1,0
BRDA:587,124,0,0
BRDA:587,124,1,0
BRDA:589,125,0,0
BRDA:589,125,1,0
BRDA:591,126,0,0
BRDA:591,126,1,0
BRDA:593,127,0,0
BRDA:593,127,1,0
BRDA:595,128,0,0
BRDA:595,128,1,0
BRDA:598,129,0,0
BRDA:598,129,1,0
BRDA:600,130,0,0
BRDA:600,130,1,0
BRDA:602,131,0,0
BRDA:602,131,1,0
BRDA:604,132,0,0
BRDA:604,132,1,0
BRDA:605,133,0,0
BRDA:605,133,1,0
BRDA:607,134,0,0
BRDA:607,134,1,0
BRDA:609,135,0,0
BRDA:609,135,1,0
BRDA:611,136,0,0
BRDA:611,136,1,0
BRDA:613,137,0,0
BRDA:613,137,1,0
BRDA:615,138,0,0
BRDA:615,138,1,0
BRDA:617,139,0,0
BRDA:617,139,1,0
BRDA:619,140,0,0
BRDA:619,140,1,0
BRDA:620,141,0,0
BRDA:620,141,1,0
BRDA:621,142,0,0
BRDA:621,142,1,0
BRDA:622,143,0,0
BRDA:622,143,1,0
BRDA:623,144,0,0
BRDA:623,144,1,0
BRDA:624,145,0,0
BRDA:624,145,1,0
BRDA:625,146,0,0
BRDA:625,146,1,0
BRDA:626,147,0,0
BRDA:626,147,1,0
BRDA:627,148,0,0
BRDA:627,148,1,0
BRDA:628,149,0,0
BRDA:628,149,1,0
BRDA:629,150,0,0
BRDA:629,150,1,0
BRDA:630,151,0,0
BRDA:630,151,1,0
BRDA:631,152,0,0
BRDA:631,152,1,0
BRDA:632,153,0,0
BRDA:632,153,1,0
BRDA:633,154,0,0
BRDA:633,154,1,0
BRDA:634,155,0,0
BRDA:634,155,1,0
BRDA:635,156,0,0
BRDA:635,156,1,0
BRDA:636,157,0,0
BRDA:636,157,1,0
BRDA:637,158,0,0
BRDA:637,158,1,0
BRDA:638,159,0,0
BRDA:638,159,1,0
BRDA:639,160,0,0
BRDA:639,160,1,0
BRDA:640,161,0,0
BRDA:640,161,1,0
BRDA:641,162,0,0
BRDA:641,162,1,0
BRDA:642,163,0,0
BRDA:642,163,1,0
BRDA:643,164,0,0
BRDA:643,164,1,0
BRDA:644,165,0,0
BRDA:644,165,1,0
BRDA:646,166,0,0
BRDA:646,166,1,0
BRDA:648,167,0,0
BRDA:648,167,1,0
BRDA:650,168,0,0
BRDA:650,168,1,0
BRDA:652,169,0,0
BRDA:652,169,1,0
BRDA:654,170,0,0
BRDA:654,170,1,0
BRDA:656,171,0,0
BRDA:656,171,1,0
BRDA:658,172,0,0
BRDA:658,172,1,0
BRDA:660,173,0,0
BRDA:660,173,1,0
BRDA:662,174,0,0
BRDA:662,174,1,0
BRDA:664,175,0,0
BRDA:664,175,1,0
BRDA:665,176,0,0
BRDA:665,176,1,0
BRDA:667,177,0,0
BRDA:667,177,1,0
BRDA:669,178,0,0
BRDA:669,178,1,0
BRDA:671,179,0,0
BRDA:671,179,1,0
BRDA:673,180,0,0
BRDA:673,180,1,0
BRDA:675,181,0,0
BRDA:675,181,1,0
BRDA:676,182,0,0
BRDA:676,182,1,0
BRDA:677,183,0,0
BRDA:677,183,1,0
BRDA:678,184,0,0
BRDA:678,184,1,0
BRDA:679,185,0,0
BRDA:679,185,1,0
BRDA:680,186,0,0
BRDA:680,186,1,0
BRDA:681,187,0,0
BRDA:681,187,1,0
BRDA:683,188,0,0
BRDA:683,188,1,0
BRDA:685,189,0,0
BRDA:685,189,1,0
BRDA:687,190,0,0
BRDA:687,190,1,0
BRDA:689,191,0,0
BRDA:689,191,1,0
BRDA:691,192,0,0
BRDA:691,192,1,0
BRDA:693,193,0,0
BRDA:693,193,1,0
BRDA:695,194,0,0
BRDA:695,194,1,0
BRDA:697,195,0,0
BRDA:697,195,1,0
BRDA:699,196,0,0
BRDA:699,196,1,0
BRDA:703,197,0,0
BRDA:703,197,1,0
BRDA:705,198,0,0
BRDA:705,198,1,0
BRDA:707,199,0,0
BRDA:707,199,1,0
BRDA:709,200,0,0
BRDA:709,200,1,0
BRDA:711,201,0,0
BRDA:711,201,1,0
BRDA:713,202,0,0
BRDA:713,202,1,0
BRDA:715,203,0,0
BRDA:715,203,1,0
BRDA:717,204,0,0
BRDA:717,204,1,0
BRDA:719,205,0,0
BRDA:719,205,1,0
BRDA:721,206,0,0
BRDA:721,206,1,0
BRDA:723,207,0,0
BRDA:723,207,1,0
BRDA:725,208,0,0
BRDA:725,208,1,0
BRDA:727,209,0,0
BRDA:727,209,1,0
BRDA:729,210,0,0
BRDA:729,210,1,0
BRDA:731,211,0,0
BRDA:731,211,1,0
BRDA:733,212,0,0
BRDA:733,212,1,0
BRDA:735,213,0,0
BRDA:735,213,1,0
BRDA:737,214,0,0
BRDA:737,214,1,0
BRDA:739,215,0,0
BRDA:739,215,1,0
BRDA:741,216,0,0
BRDA:741,216,1,0
BRDA:743,217,0,0
BRDA:743,217,1,0
BRDA:745,218,0,0
BRDA:745,218,1,0
BRDA:747,219,0,0
BRDA:747,219,1,0
BRDA:749,220,0,0
BRDA:749,220,1,0
BRDA:751,221,0,0
BRDA:751,221,1,0
BRDA:753,222,0,0
BRDA:753,222,1,0
BRDA:755,223,0,0
BRDA:755,223,1,0
BRDA:757,224,0,0
BRDA:757,224,1,0
BRDA:759,225,0,0
BRDA:759,225,1,0
BRDA:761,226,0,0
BRDA:761,226,1,0
BRDA:763,227,0,0
BRDA:763,227,1,0
BRDA:765,228,0,0
BRDA:765,228,1,0
BRDA:767,229,0,0
BRDA:767,229,1,0
BRDA:769,230,0,0
BRDA:769,230,1,0
BRDA:771,231,0,0
BRDA:771,231,1,0
BRDA:773,232,0,0
BRDA:773,232,1,0
BRDA:775,233,0,0
BRDA:775,233,1,0
BRDA:777,234,0,0
BRDA:777,234,1,0
BRDA:778,235,0,0
BRDA:778,235,1,0
BRDA:779,236,0,0
BRDA:779,236,1,0
BRDA:780,237,0,0
BRDA:780,237,1,0
BRDA:781,238,0,0
BRDA:781,238,1,0
BRDA:782,239,0,0
BRDA:782,239,1,0
BRDA:783,240,0,0
BRDA:783,240,1,0
BRDA:784,241,0,0
BRDA:784,241,1,0
BRDA:785,242,0,0
BRDA:785,242,1,0
BRDA:786,243,0,0
BRDA:786,243,1,0
BRDA:787,244,0,0
BRDA:787,244,1,0
BRDA:788,245,0,0
BRDA:788,245,1,0
BRDA:790,246,0,0
BRDA:790,246,1,0
BRDA:796,247,0,0
BRDA:796,247,1,0
BRDA:797,248,0,0
BRDA:797,248,1,0
BRDA:802,249,0,0
BRDA:802,249,1,0
BRDA:804,250,0,0
BRDA:804,250,1,0
BRDA:809,251,0,0
BRDA:809,251,1,0
BRDA:815,252,0,0
BRDA:815,252,1,0
BRDA:817,253,0,0
BRDA:817,253,1,0
BRDA:821,254,0,0
BRDA:821,254,1,0
BRDA:822,255,0,0
BRDA:822,255,1,0
BRDA:822,255,2,0
BRDA:822,255,3,0
BRF:530
BRH:0
end_of_record
TN:
SF:src\data.jsx
FN:7,sh
FN:8,lvl
FN:9,lXP
FN:10,nXP
FN:65,(anonymous_4)
FN:240,(anonymous_5)
FN:241,(anonymous_6)
FN:242,(anonymous_7)
FN:243,(anonymous_8)
FN:244,(anonymous_9)
FN:245,(anonymous_10)
FN:246,(anonymous_11)
FN:247,(anonymous_12)
FN:248,(anonymous_13)
FN:249,(anonymous_14)
FN:250,(anonymous_15)
FN:402,getSR
FN:403,saveSR
FN:406,srMark
FN:622,getStreak
FN:623,getStreakFreezes
FN:624,earnFreeze
FN:625,spendFreeze
FN:627,updateStreak
FN:1006,getProverbOfDay
FN:1244,getDailyChallenge
FN:1252,hashStr
FN:1254,rand
FN:1255,ri
FN:1256,shuf
FN:1335,(anonymous_30)
FN:1335,(anonymous_31)
FN:1359,(anonymous_32)
FN:2284,getCityOfDay
FN:2289,(anonymous_34)
FN:2291,rng
FN:2444,(anonymous_36)
FN:2446,(anonymous_37)
FN:2448,(anonymous_38)
FN:2889,getHistFact
FN:2899,(anonymous_40)
FN:2899,(anonymous_41)
FN:2899,(anonymous_42)
FN:2899,(anonymous_43)
FN:2899,(anonymous_44)
FN:2901,(anonymous_45)
FN:2901,(anonymous_46)
FN:2901,(anonymous_47)
FN:2901,(anonymous_48)
FN:2901,(anonymous_49)
FN:2901,(anonymous_50)
FN:2903,(anonymous_51)
FN:2903,(anonymous_52)
FN:2903,(anonymous_53)
FN:2903,(anonymous_54)
FN:2903,(anonymous_55)
FN:2903,(anonymous_56)
FN:2903,(anonymous_57)
FN:2903,(anonymous_58)
FN:2903,(anonymous_59)
FN:2905,(anonymous_60)
FN:2905,(anonymous_61)
FN:2905,(anonymous_62)
FN:2905,(anonymous_63)
FN:2905,(anonymous_64)
FN:2905,(anonymous_65)
FN:2905,(anonymous_66)
FN:2905,(anonymous_67)
FN:2905,(anonymous_68)
FN:2907,(anonymous_69)
FN:2907,(anonymous_70)
FN:2907,(anonymous_71)
FN:2907,(anonymous_72)
FN:2907,(anonymous_73)
FN:2907,(anonymous_74)
FN:2907,(anonymous_75)
FN:2907,(anonymous_76)
FN:2907,(anonymous_77)
FN:3261,shMemo
FN:3262,shuffleArr
FN:3713,buildSearchIndex
FN:3713,(anonymous_81)
FN:3713,(anonymous_82)
FN:3714,(anonymous_83)
FN:3715,(anonymous_84)
FN:3715,(anonymous_85)
FN:3715,(anonymous_86)
FN:3715,(anonymous_87)
FN:3721,(anonymous_88)
FN:3731,(anonymous_89)
FN:3736,(anonymous_90)
FN:3737,(anonymous_91)
FN:3747,(anonymous_92)
FN:3748,(anonymous_93)
FN:3749,(anonymous_94)
FN:3750,(anonymous_95)
FN:3767,(anonymous_96)
FN:4718,getDueReviews
FNF:98
FNH:74
FNDA:14,sh
FNDA:23,lvl
FNDA:12,lXP
FNDA:11,nXP
FNDA:35,(anonymous_4)
FNDA:0,(anonymous_5)
FNDA:0,(anonymous_6)
FNDA:0,(anonymous_7)
FNDA:0,(anonymous_8)
FNDA:0,(anonymous_9)
FNDA:0,(anonymous_10)
FNDA:0,(anonymous_11)
FNDA:0,(anonymous_12)
FNDA:0,(anonymous_13)
FNDA:0,(anonymous_14)
FNDA:0,(anonymous_15)
FNDA:10,getSR
FNDA:6,saveSR
FNDA:5,srMark
FNDA:8,getStreak
FNDA:3,getStreakFreezes
FNDA:0,earnFreeze
FNDA:3,spendFreeze
FNDA:4,updateStreak
FNDA:4,getProverbOfDay
FNDA:5,getDailyChallenge
FNDA:1,hashStr
FNDA:455,rand
FNDA:426,ri
FNDA:102,shuf
FNDA:52,(anonymous_30)
FNDA:1252,(anonymous_31)
FNDA:73,(anonymous_32)
FNDA:0,getCityOfDay
FNDA:0,(anonymous_34)
FNDA:0,rng
FNDA:50,(anonymous_36)
FNDA:65,(anonymous_37)
FNDA:150,(anonymous_38)
FNDA:0,getHistFact
FNDA:5,(anonymous_40)
FNDA:5,(anonymous_41)
FNDA:5,(anonymous_42)
FNDA:5,(anonymous_43)
FNDA:5,(anonymous_44)
FNDA:5,(anonymous_45)
FNDA:5,(anonymous_46)
FNDA:5,(anonymous_47)
FNDA:5,(anonymous_48)
FNDA:5,(anonymous_49)
FNDA:5,(anonymous_50)
FNDA:5,(anonymous_51)
FNDA:5,(anonymous_52)
FNDA:5,(anonymous_53)
FNDA:5,(anonymous_54)
FNDA:5,(anonymous_55)
FNDA:5,(anonymous_56)
FNDA:5,(anonymous_57)
FNDA:5,(anonymous_58)
FNDA:5,(anonymous_59)
FNDA:5,(anonymous_60)
FNDA:5,(anonymous_61)
FNDA:5,(anonymous_62)
FNDA:5,(anonymous_63)
FNDA:5,(anonymous_64)
FNDA:5,(anonymous_65)
FNDA:5,(anonymous_66)
FNDA:5,(anonymous_67)
FNDA:5,(anonymous_68)
FNDA:5,(anonymous_69)
FNDA:5,(anonymous_70)
FNDA:5,(anonymous_71)
FNDA:5,(anonymous_72)
FNDA:5,(anonymous_73)
FNDA:5,(anonymous_74)
FNDA:5,(anonymous_75)
FNDA:5,(anonymous_76)
FNDA:5,(anonymous_77)
FNDA:4,shMemo
FNDA:5,shuffleArr
FNDA:8,buildSearchIndex
FNDA:104,(anonymous_81)
FNDA:2504,(anonymous_82)
FNDA:98,(anonymous_83)
FNDA:16,(anonymous_84)
FNDA:16,(anonymous_85)
FNDA:20,(anonymous_86)
FNDA:22,(anonymous_87)
FNDA:0,(anonymous_88)
FNDA:0,(anonymous_89)
FNDA:35,(anonymous_90)
FNDA:0,(anonymous_91)
FNDA:0,(anonymous_92)
FNDA:5,(anonymous_93)
FNDA:0,(anonymous_94)
FNDA:0,(anonymous_95)
FNDA:0,(anonymous_96)
FNDA:0,getDueReviews
DA:7,35
DA:8,130
DA:9,12
DA:10,11
DA:13,5
DA:55,5
DA:65,35
DA:67,5
DA:110,5
DA:135,5
DA:178,5
DA:196,5
DA:239,5
DA:240,0
DA:241,0
DA:242,0
DA:243,0
DA:244,0
DA:245,0
DA:246,0
DA:247,0
DA:248,0
DA:249,0
DA:250,0
DA:253,5
DA:273,5
DA:287,5
DA:341,5
DA:375,5
DA:402,10
DA:403,6
DA:407,5
DA:408,5
DA:409,5
DA:410,5
DA:411,5
DA:413,3
DA:414,1
DA:415,0
DA:416,3
DA:418,5
DA:419,5
DA:420,5
DA:421,5
DA:422,5
DA:425,5
DA:474,5
DA:504,5
DA:522,5
DA:540,5
DA:558,5
DA:622,8
DA:623,3
DA:624,0
DA:625,3
DA:626,5
DA:628,4
DA:629,4
DA:630,3
DA:631,3
DA:632,3
DA:633,3
DA:634,3
DA:635,3
DA:638,5
DA:1007,4
DA:1008,4
DA:1010,60
DA:1011,4
DA:1014,5
DA:1029,5
DA:1059,5
DA:1082,5
DA:1109,5
DA:1127,5
DA:1145,5
DA:1160,5
DA:1173,5
DA:1192,5
DA:1210,5
DA:1232,5
DA:1243,5
DA:1246,5
DA:1247,5
DA:1248,5
DA:1250,1
DA:1252,10
DA:1253,1
DA:1254,455
DA:1255,426
DA:1256,306
DA:1258,1
DA:1334,1
DA:1335,1252
DA:1336,1
DA:1337,1
DA:1338,1
DA:1339,1
DA:1340,30
DA:1341,30
DA:1342,29
DA:1343,29
DA:1344,29
DA:1345,29
DA:1346,87
DA:1347,87
DA:1349,29
DA:1350,29
DA:1351,29
DA:1352,18
DA:1354,11
DA:1359,73
DA:1361,1
DA:1362,1
DA:1363,1
DA:1364,3
DA:1365,3
DA:1368,1
DA:1369,1
DA:1370,1
DA:1373,5
DA:1460,5
DA:1467,5
DA:1468,5
DA:1469,5
DA:1475,5
DA:1476,5
DA:1482,5
DA:1487,5
DA:1488,5
DA:1497,5
DA:2090,5
DA:2285,0
DA:2286,0
DA:2287,0
DA:2289,0
DA:2290,0
DA:2291,0
DA:2292,0
DA:2293,0
DA:2296,5
DA:2382,5
DA:2431,5
DA:2438,5
DA:2444,50
DA:2445,5
DA:2446,65
DA:2447,5
DA:2448,150
DA:2449,5
DA:2451,5
DA:2469,5
DA:2522,5
DA:2890,0
DA:2891,0
DA:2893,0
DA:2894,0
DA:2897,5
DA:2899,0
DA:2901,0
DA:2903,0
DA:2905,0
DA:2907,0
DA:2910,5
DA:2972,5
DA:3007,5
DA:3103,5
DA:3202,5
DA:3225,5
DA:3260,5
DA:3261,4
DA:3262,11
DA:3264,5
DA:3294,5
DA:3315,5
DA:3360,5
DA:3382,5
DA:3384,5
DA:3412,5
DA:3427,5
DA:3442,5
DA:3445,5
DA:3456,5
DA:3473,5
DA:3479,5
DA:3494,5
DA:3512,5
DA:3550,5
DA:3567,5
DA:3571,5
DA:3588,5
DA:3599,5
DA:3616,5
DA:3628,5
DA:3660,5
DA:3673,5
DA:3682,5
DA:3685,5
DA:3689,5
DA:3712,5
DA:3713,2504
DA:3714,98
DA:3715,22
DA:3718,5
DA:3719,5
DA:3720,5
DA:3721,5
DA:3731,5
DA:3736,35
DA:3737,0
DA:3747,0
DA:3748,0
DA:3749,0
DA:3751,0
DA:3752,0
DA:3767,0
DA:3775,0
DA:3779,5
DA:3828,5
DA:3939,5
DA:4014,5
DA:4137,5
DA:4266,5
DA:4394,5
DA:4442,5
DA:4487,5
DA:4527,5
DA:4587,5
DA:4643,5
DA:4667,5
DA:4689,5
DA:4719,0
DA:4720,0
DA:4721,0
DA:4722,0
DA:4723,0
DA:4725,0
DA:4726,0
DA:4727,0
DA:4729,0
LF:240
LH:193
BRDA:8,0,0,22
BRDA:8,0,1,108
BRDA:9,1,0,12
BRDA:9,1,1,0
BRDA:10,2,0,11
BRDA:10,2,1,0
BRDA:402,3,0,10
BRDA:402,3,1,4
BRDA:408,4,0,3
BRDA:408,4,1,2
BRDA:410,5,0,3
BRDA:410,5,1,2
BRDA:411,6,0,2
BRDA:411,6,1,3
BRDA:413,7,0,2
BRDA:413,7,1,1
BRDA:413,8,0,1
BRDA:413,8,1,0
BRDA:415,9,0,0
BRDA:415,9,1,0
BRDA:415,10,0,0
BRDA:415,10,1,0
BRDA:416,11,0,3
BRDA:416,11,1,2
BRDA:418,12,0,5
BRDA:418,12,1,0
BRDA:419,13,0,3
BRDA:419,13,1,2
BRDA:419,14,0,3
BRDA:419,14,1,2
BRDA:419,15,0,2
BRDA:419,15,1,2
BRDA:420,16,0,5
BRDA:420,16,1,3
BRDA:420,17,0,3
BRDA:420,17,1,2
BRDA:622,18,0,8
BRDA:622,18,1,4
BRDA:623,19,0,3
BRDA:623,19,1,3
BRDA:625,20,0,3
BRDA:625,20,1,0
BRDA:629,21,0,1
BRDA:629,21,1,3
BRDA:632,22,0,0
BRDA:632,22,1,3
BRDA:632,23,0,0
BRDA:632,23,1,0
BRDA:632,24,0,3
BRDA:632,24,1,0
BRDA:633,25,0,0
BRDA:633,25,1,3
BRDA:1248,26,0,4
BRDA:1248,26,1,1
BRDA:1248,27,0,5
BRDA:1248,27,1,4
BRDA:1335,28,0,1252
BRDA:1335,28,1,0
BRDA:1335,29,0,1252
BRDA:1335,29,1,1252
BRDA:1337,30,0,1
BRDA:1337,30,1,0
BRDA:1339,31,0,1
BRDA:1339,31,1,30
BRDA:1341,32,0,1
BRDA:1341,32,1,29
BRDA:1345,33,0,29
BRDA:1345,33,1,87
BRDA:1347,34,0,87
BRDA:1347,34,1,0
BRDA:1347,35,0,87
BRDA:1347,35,1,87
BRDA:1349,36,0,0
BRDA:1349,36,1,29
BRDA:1351,37,0,18
BRDA:1351,37,1,11
BRDA:1363,38,0,1
BRDA:1363,38,1,4
BRDA:1365,39,0,3
BRDA:1365,39,1,0
BRDA:2899,40,0,0
BRDA:2899,40,1,0
BRDA:2899,41,0,0
BRDA:2899,41,1,0
BRDA:2899,42,0,0
BRDA:2899,42,1,0
BRDA:2899,43,0,0
BRDA:2899,43,1,0
BRDA:2899,44,0,0
BRDA:2899,44,1,0
BRDA:2901,45,0,0
BRDA:2901,45,1,0
BRDA:2901,46,0,0
BRDA:2901,46,1,0
BRDA:2901,47,0,0
BRDA:2901,47,1,0
BRDA:2901,48,0,0
BRDA:2901,48,1,0
BRDA:2901,49,0,0
BRDA:2901,49,1,0
BRDA:3261,50,0,3
BRDA:3261,50,1,1
BRDA:3261,51,0,0
BRDA:3261,51,1,4
BRDA:3713,52,0,6
BRDA:3713,52,1,2
BRDA:3722,53,0,0
BRDA:3722,53,1,0
BRDA:3727,54,0,0
BRDA:3727,54,1,0
BRDA:3731,55,0,0
BRDA:3731,56,0,0
BRDA:3740,57,0,35
BRDA:3740,57,1,0
BRDA:3751,58,0,0
BRDA:3751,58,1,0
BRDA:4725,59,0,0
BRDA:4725,59,1,0
BRDA:4725,60,0,0
BRDA:4725,60,1,0
BRDA:4726,61,0,0
BRDA:4726,61,1,0
BRDA:4727,62,0,0
BRDA:4727,62,1,0
BRF:124
BRH:67
end_of_record
TN:
SF:src\main.jsx
FN:24,(anonymous_0)
FN:51,reportWebVitals
FN:68,(anonymous_2)
FN:72,(anonymous_3)
FN:75,(anonymous_4)
FN:81,(anonymous_5)
FN:95,(anonymous_6)
FN:111,(anonymous_7)
FNF:8
FNH:0
FNDA:0,(anonymous_0)
FNDA:0,reportWebVitals
FNDA:0,(anonymous_2)
FNDA:0,(anonymous_3)
FNDA:0,(anonymous_4)
FNDA:0,(anonymous_5)
FNDA:0,(anonymous_6)
FNDA:0,(anonymous_7)
DA:13,0
DA:14,0
DA:25,0
DA:26,0
DA:28,0
DA:36,0
DA:37,0
DA:52,0
DA:53,0
DA:60,0
DA:61,0
DA:62,0
DA:63,0
DA:64,0
DA:69,0
DA:70,0
DA:73,0
DA:76,0
DA:77,0
DA:78,0
DA:82,0
DA:83,0
DA:95,0
DA:103,0
DA:110,0
DA:111,0
DA:112,0
DA:116,0
LF:28
LH:0
BRDA:13,0,0,0
BRDA:13,0,1,0
BRDA:17,1,0,0
BRDA:17,1,1,0
BRDA:25,2,0,0
BRDA:25,2,1,0
BRDA:36,3,0,0
BRDA:36,3,1,0
BRDA:36,4,0,0
BRDA:36,4,1,0
BRDA:52,5,0,0
BRDA:52,5,1,0
BRDA:56,6,0,0
BRDA:56,6,1,0
BRDA:57,7,0,0
BRDA:57,7,1,0
BRDA:73,8,0,0
BRDA:73,8,1,0
BRDA:73,9,0,0
BRDA:73,9,1,0
BRDA:77,10,0,0
BRDA:77,10,1,0
BRDA:82,11,0,0
BRDA:82,11,1,0
BRDA:89,12,0,0
BRDA:89,12,1,0
BRDA:110,13,0,0
BRDA:110,13,1,0
BRF:28
BRH:0
end_of_record
TN:
SF:src\components\auth\LoginScreen.jsx
FN:6,pwStrength
FN:19,LoginScreen
FN:41,(anonymous_2)
FN:44,(anonymous_3)
FN:46,(anonymous_4)
FN:46,(anonymous_5)
FN:50,(anonymous_6)
FN:60,(anonymous_7)
FN:60,(anonymous_8)
FN:63,(anonymous_9)
FN:76,(anonymous_10)
FNF:11
FNH:0
FNDA:0,pwStrength
FNDA:0,LoginScreen
FNDA:0,(anonymous_2)
FNDA:0,(anonymous_3)
FNDA:0,(anonymous_4)
FNDA:0,(anonymous_5)
FNDA:0,(anonymous_6)
FNDA:0,(anonymous_7)
FNDA:0,(anonymous_8)
FNDA:0,(anonymous_9)
FNDA:0,(anonymous_10)
DA:4,0
DA:7,0
DA:8,0
DA:9,0
DA:10,0
DA:11,0
DA:12,0
DA:13,0
DA:14,0
DA:16,0
DA:17,0
DA:25,0
DA:26,0
DA:27,0
DA:41,0
DA:44,0
DA:46,0
DA:51,0
DA:60,0
DA:63,0
DA:76,0
LF:21
LH:0
BRDA:7,0,0,0
BRDA:7,0,1,0
BRDA:9,1,0,0
BRDA:9,1,1,0
BRDA:10,2,0,0
BRDA:10,2,1,0
BRDA:11,3,0,0
BRDA:11,3,1,0
BRDA:11,4,0,0
BRDA:11,4,1,0
BRDA:12,5,0,0
BRDA:12,5,1,0
BRDA:13,6,0,0
BRDA:13,6,1,0
BRDA:26,7,0,0
BRDA:26,7,1,0
BRDA:34,8,0,0
BRDA:34,8,1,0
BRDA:38,9,0,0
BRDA:38,9,1,0
BRDA:38,10,0,0
BRDA:38,10,1,0
BRDA:38,11,0,0
BRDA:38,11,1,0
BRDA:38,12,0,0
BRDA:38,12,1,0
BRDA:39,13,0,0
BRDA:39,13,1,0
BRDA:44,14,0,0
BRDA:44,14,1,0
BRDA:46,15,0,0
BRDA:46,15,1,0
BRDA:46,16,0,0
BRDA:46,16,1,0
BRDA:46,17,0,0
BRDA:46,17,1,0
BRDA:46,18,0,0
BRDA:46,18,1,0
BRDA:46,19,0,0
BRDA:46,19,1,0
BRDA:46,20,0,0
BRDA:46,20,1,0
BRDA:47,21,0,0
BRDA:47,21,1,0
BRDA:47,21,2,0
BRDA:51,22,0,0
BRDA:51,22,1,0
BRDA:57,23,0,0
BRDA:57,23,1,0
BRDA:57,23,2,0
BRDA:58,24,0,0
BRDA:58,24,1,0
BRDA:60,25,0,0
BRDA:60,25,1,0
BRDA:62,26,0,0
BRDA:62,26,1,0
BRDA:63,27,0,0
BRDA:63,27,1,0
BRDA:65,28,0,0
BRDA:65,28,1,0
BRDA:66,29,0,0
BRDA:66,29,1,0
BRDA:66,30,0,0
BRDA:66,30,1,0
BRDA:75,31,0,0
BRDA:75,31,1,0
BRDA:76,32,0,0
BRDA:76,32,1,0
BRDA:77,33,0,0
BRDA:77,33,1,0
BRF:70
BRH:0
end_of_record
TN:
SF:src\components\auth\ResetPassword.jsx
FN:6,ResetPassword
FN:23,(anonymous_1)
FN:23,(anonymous_2)
FN:28,(anonymous_3)
FNF:4
FNH:0
FNDA:0,ResetPassword
FNDA:0,(anonymous_1)
FNDA:0,(anonymous_2)
FNDA:0,(anonymous_3)
DA:4,0
DA:11,0
DA:23,0
DA:28,0
LF:4
LH:0
BRDA:20,0,0,0
BRDA:20,0,1,0
BRDA:20,1,0,0
BRDA:20,1,1,0
BRDA:20,2,0,0
BRDA:20,2,1,0
BRDA:20,3,0,0
BRDA:20,3,1,0
BRDA:23,4,0,0
BRDA:23,4,1,0
BRDA:25,5,0,0
BRDA:25,5,1,0
BRF:12
BRH:0
end_of_record
TN:
SF:src\components\croatia\AIConversation.jsx
FN:185,buildConvoPrompt
FN:207,buildEvalPrompt
FN:230,AIConversation
FN:245,(anonymous_3)
FN:248,callAI
FN:284,startConversation
FN:305,(anonymous_6)
FN:309,sendMessage
FN:319,(anonymous_8)
FN:327,retryOpener
FN:344,requestHint
FN:351,(anonymous_11)
FN:354,(anonymous_12)
FN:356,(anonymous_13)
FN:362,endAndEvaluate
FN:363,(anonymous_15)
FN:367,(anonymous_16)
FN:368,(anonymous_17)
FN:388,resetAll
FN:393,(anonymous_19)
FN:397,(anonymous_20)
FN:414,(anonymous_21)
FN:423,(anonymous_22)
FN:424,(anonymous_23)
FN:438,(anonymous_24)
FN:439,(anonymous_25)
FN:462,(anonymous_26)
FN:465,(anonymous_27)
FN:478,(anonymous_28)
FN:528,(anonymous_29)
FN:556,(anonymous_30)
FN:576,(anonymous_31)
FN:591,(anonymous_32)
FN:611,(anonymous_33)
FN:624,(anonymous_34)
FN:647,(anonymous_35)
FN:721,(anonymous_36)
FN:738,(anonymous_37)
FN:760,(anonymous_38)
FN:781,(anonymous_39)
FN:803,(anonymous_40)
FN:804,(anonymous_41)
FNF:42
FNH:0
FNDA:0,buildConvoPrompt
FNDA:0,buildEvalPrompt
FNDA:0,AIConversation
FNDA:0,(anonymous_3)
FNDA:0,callAI
FNDA:0,startConversation
FNDA:0,(anonymous_6)
FNDA:0,sendMessage
FNDA:0,(anonymous_8)
FNDA:0,retryOpener
FNDA:0,requestHint
FNDA:0,(anonymous_11)
FNDA:0,(anonymous_12)
FNDA:0,(anonymous_13)
FNDA:0,endAndEvaluate
FNDA:0,(anonymous_15)
FNDA:0,(anonymous_16)
FNDA:0,(anonymous_17)
FNDA:0,resetAll
FNDA:0,(anonymous_19)
FNDA:0,(anonymous_20)
FNDA:0,(anonymous_21)
FNDA:0,(anonymous_22)
FNDA:0,(anonymous_23)
FNDA:0,(anonymous_24)
FNDA:0,(anonymous_25)
FNDA:0,(anonymous_26)
FNDA:0,(anonymous_27)
FNDA:0,(anonymous_28)
FNDA:0,(anonymous_29)
FNDA:0,(anonymous_30)
FNDA:0,(anonymous_31)
FNDA:0,(anonymous_32)
FNDA:0,(anonymous_33)
FNDA:0,(anonymous_34)
FNDA:0,(anonymous_35)
FNDA:0,(anonymous_36)
FNDA:0,(anonymous_37)
FNDA:0,(anonymous_38)
FNDA:0,(anonymous_39)
FNDA:0,(anonymous_40)
FNDA:0,(anonymous_41)
DA:6,0
DA:170,0
DA:171,0
DA:172,0
DA:175,0
DA:186,0
DA:194,0
DA:208,0
DA:231,0
DA:232,0
DA:233,0
DA:234,0
DA:235,0
DA:236,0
DA:237,0
DA:238,0
DA:239,0
DA:240,0
DA:241,0
DA:242,0
DA:243,0
DA:245,0
DA:250,0
DA:251,0
DA:257,0
DA:261,0
DA:262,0
DA:264,0
DA:267,0
DA:268,0
DA:270,0
DA:271,0
DA:273,0
DA:276,0
DA:277,0
DA:280,0
DA:285,0
DA:286,0
DA:287,0
DA:288,0
DA:289,0
DA:290,0
DA:291,0
DA:295,0
DA:297,0
DA:298,0
DA:299,0
DA:301,0
DA:304,0
DA:305,0
DA:310,0
DA:311,0
DA:312,0
DA:313,0
DA:314,0
DA:315,0
DA:316,0
DA:317,0
DA:318,0
DA:319,0
DA:321,0
DA:323,0
DA:328,0
DA:329,0
DA:330,0
DA:331,0
DA:332,0
DA:336,0
DA:338,0
DA:340,0
DA:345,0
DA:346,0
DA:347,0
DA:349,0
DA:350,0
DA:351,0
DA:354,0
DA:356,0
DA:358,0
DA:363,0
DA:364,0
DA:365,0
DA:366,0
DA:367,0
DA:368,0
DA:370,0
DA:371,0
DA:377,0
DA:378,0
DA:379,0
DA:380,0
DA:381,0
DA:383,0
DA:384,0
DA:389,0
DA:390,0
DA:393,0
DA:396,0
DA:397,0
DA:398,0
DA:399,0
DA:400,0
DA:403,0
DA:415,0
DA:424,0
DA:439,0
DA:463,0
DA:464,0
DA:465,0
DA:479,0
DA:510,0
DA:522,0
DA:523,0
DA:528,0
DA:534,0
DA:535,0
DA:536,0
DA:537,0
DA:539,0
DA:556,0
DA:577,0
DA:592,0
DA:612,0
DA:624,0
DA:647,0
DA:655,0
DA:722,0
DA:728,0
DA:729,0
DA:738,0
DA:760,0
DA:782,0
DA:803,0
DA:804,0
LF:134
LH:0
BRDA:199,0,0,0
BRDA:199,0,1,0
BRDA:248,1,0,0
BRDA:267,2,0,0
BRDA:267,2,1,0
BRDA:267,3,0,0
BRDA:267,3,1,0
BRDA:268,4,0,0
BRDA:268,4,1,0
BRDA:270,5,0,0
BRDA:270,5,1,0
BRDA:270,6,0,0
BRDA:270,6,1,0
BRDA:270,6,2,0
BRDA:276,7,0,0
BRDA:276,7,1,0
BRDA:276,8,0,0
BRDA:276,8,1,0
BRDA:285,9,0,0
BRDA:285,9,1,0
BRDA:297,10,0,0
BRDA:297,10,1,0
BRDA:298,11,0,0
BRDA:298,11,1,0
BRDA:310,12,0,0
BRDA:310,12,1,0
BRDA:310,13,0,0
BRDA:310,13,1,0
BRDA:321,14,0,0
BRDA:321,14,1,0
BRDA:338,15,0,0
BRDA:338,15,1,0
BRDA:345,16,0,0
BRDA:345,16,1,0
BRDA:364,17,0,0
BRDA:364,17,1,0
BRDA:368,18,0,0
BRDA:368,18,1,0
BRDA:379,19,0,0
BRDA:379,19,1,0
BRDA:383,20,0,0
BRDA:383,20,1,0
BRDA:398,21,0,0
BRDA:398,21,1,0
BRDA:400,22,0,0
BRDA:400,22,1,0
BRDA:403,23,0,0
BRDA:403,23,1,0
BRDA:427,24,0,0
BRDA:427,24,1,0
BRDA:428,25,0,0
BRDA:428,25,1,0
BRDA:429,26,0,0
BRDA:429,26,1,0
BRDA:442,27,0,0
BRDA:442,27,1,0
BRDA:443,28,0,0
BRDA:443,28,1,0
BRDA:444,29,0,0
BRDA:444,29,1,0
BRDA:452,30,0,0
BRDA:452,30,1,0
BRDA:453,31,0,0
BRDA:453,31,1,0
BRDA:458,32,0,0
BRDA:458,32,1,0
BRDA:466,33,0,0
BRDA:466,33,1,0
BRDA:467,34,0,0
BRDA:467,34,1,0
BRDA:468,35,0,0
BRDA:468,35,1,0
BRDA:480,36,0,0
BRDA:480,36,1,0
BRDA:481,37,0,0
BRDA:481,37,1,0
BRDA:487,38,0,0
BRDA:487,38,1,0
BRDA:494,39,0,0
BRDA:494,39,1,0
BRDA:500,40,0,0
BRDA:500,40,1,0
BRDA:501,41,0,0
BRDA:501,41,1,0
BRDA:501,42,0,0
BRDA:501,42,1,0
BRDA:510,43,0,0
BRDA:510,43,1,0
BRDA:522,44,0,0
BRDA:522,44,1,0
BRDA:523,45,0,0
BRDA:523,45,1,0
BRDA:523,46,0,0
BRDA:523,46,1,0
BRDA:526,47,0,0
BRDA:526,47,1,0
BRDA:535,48,0,0
BRDA:535,48,1,0
BRDA:535,49,0,0
BRDA:535,49,1,0
BRDA:536,50,0,0
BRDA:536,50,1,0
BRDA:536,51,0,0
BRDA:536,51,1,0
BRDA:537,52,0,0
BRDA:537,52,1,0
BRDA:537,53,0,0
BRDA:537,53,1,0
BRDA:550,54,0,0
BRDA:550,54,1,0
BRDA:555,55,0,0
BRDA:555,55,1,0
BRDA:571,56,0,0
BRDA:571,56,1,0
BRDA:586,57,0,0
BRDA:586,57,1,0
BRDA:592,58,0,0
BRDA:592,58,1,0
BRDA:592,59,0,0
BRDA:592,59,1,0
BRDA:593,60,0,0
BRDA:593,60,1,0
BRDA:606,61,0,0
BRDA:606,61,1,0
BRDA:612,62,0,0
BRDA:612,62,1,0
BRDA:613,63,0,0
BRDA:613,63,1,0
BRDA:614,64,0,0
BRDA:614,64,1,0
BRDA:623,65,0,0
BRDA:623,65,1,0
BRDA:623,65,2,0
BRDA:624,66,0,0
BRDA:624,66,1,0
BRDA:638,67,0,0
BRDA:638,67,1,0
BRDA:675,68,0,0
BRDA:675,68,1,0
BRDA:675,68,2,0
BRDA:677,69,0,0
BRDA:677,69,1,0
BRDA:677,70,0,0
BRDA:677,70,1,0
BRDA:677,70,2,0
BRDA:679,71,0,0
BRDA:679,71,1,0
BRDA:679,72,0,0
BRDA:679,72,1,0
BRDA:680,73,0,0
BRDA:680,73,1,0
BRDA:680,74,0,0
BRDA:680,74,1,0
BRDA:681,75,0,0
BRDA:681,75,1,0
BRDA:681,76,0,0
BRDA:681,76,1,0
BRDA:682,77,0,0
BRDA:682,77,1,0
BRDA:698,78,0,0
BRDA:698,78,1,0
BRDA:698,78,2,0
BRDA:698,78,3,0
BRDA:722,79,0,0
BRDA:722,79,1,0
BRDA:730,80,0,0
BRDA:730,80,1,0
BRDA:731,81,0,0
BRDA:731,81,1,0
BRDA:738,82,0,0
BRDA:738,82,1,0
BRDA:740,83,0,0
BRDA:740,83,1,0
BRDA:741,84,0,0
BRDA:741,84,1,0
BRDA:742,85,0,0
BRDA:742,85,1,0
BRDA:743,86,0,0
BRDA:743,86,1,0
BRDA:745,87,0,0
BRDA:745,87,1,0
BRDA:747,88,0,0
BRDA:747,88,1,0
BRDA:754,89,0,0
BRDA:754,89,1,0
BRDA:754,89,2,0
BRDA:771,90,0,0
BRDA:771,90,1,0
BRDA:794,91,0,0
BRDA:794,91,1,0
BRDA:794,92,0,0
BRDA:794,92,1,0
BRDA:803,93,0,0
BRDA:803,93,1,0
BRDA:804,94,0,0
BRDA:804,94,1,0
BRDA:804,95,0,0
BRDA:804,95,1,0
BRDA:805,96,0,0
BRDA:805,96,1,0
BRDA:806,97,0,0
BRDA:806,97,1,0
BRDA:806,97,2,0
BRDA:806,97,3,0
BRDA:808,98,0,0
BRDA:808,98,1,0
BRDA:810,99,0,0
BRDA:810,99,1,0
BRDA:810,99,2,0
BRDA:812,100,0,0
BRDA:812,100,1,0
BRDA:812,101,0,0
BRDA:812,101,1,0
BRDA:813,102,0,0
BRDA:813,102,1,0
BRDA:813,103,0,0
BRDA:813,103,1,0
BRDA:814,104,0,0
BRDA:814,104,1,0
BRDA:814,105,0,0
BRDA:814,105,1,0
BRDA:819,106,0,0
BRDA:819,106,1,0
BRDA:821,107,0,0
BRDA:821,107,1,0
BRDA:825,108,0,0
BRDA:825,108,1,0
BRDA:826,109,0,0
BRDA:826,109,1,0
BRF:229
BRH:0
end_of_record
TN:
SF:src\components\croatia\CrMap.jsx
FN:5,CrMap
FN:17,(anonymous_1)
FN:18,(anonymous_2)
FN:19,(anonymous_3)
FN:22,(anonymous_4)
FN:22,(anonymous_5)
FN:23,(anonymous_6)
FN:25,(anonymous_7)
FN:35,(anonymous_8)
FN:37,(anonymous_9)
FN:39,(anonymous_10)
FNF:11
FNH:0
FNDA:0,CrMap
FNDA:0,(anonymous_1)
FNDA:0,(anonymous_2)
FNDA:0,(anonymous_3)
FNDA:0,(anonymous_4)
FNDA:0,(anonymous_5)
FNDA:0,(anonymous_6)
FNDA:0,(anonymous_7)
FNDA:0,(anonymous_8)
FNDA:0,(anonymous_9)
FNDA:0,(anonymous_10)
DA:6,0
DA:7,0
DA:8,0
DA:17,0
DA:18,0
DA:19,0
DA:22,0
DA:23,0
DA:24,0
DA:25,0
DA:35,0
DA:37,0
DA:39,0
LF:13
LH:0
BRDA:17,0,0,0
BRDA:17,0,1,0
BRDA:17,1,0,0
BRDA:17,1,1,0
BRDA:17,2,0,0
BRDA:17,2,1,0
BRDA:19,3,0,0
BRDA:19,3,1,0
BRDA:19,4,0,0
BRDA:19,4,1,0
BRDA:19,5,0,0
BRDA:19,5,1,0
BRDA:22,6,0,0
BRDA:22,6,1,0
BRDA:25,7,0,0
BRDA:25,7,1,0
BRDA:25,8,0,0
BRDA:25,8,1,0
BRDA:31,9,0,0
BRDA:31,9,1,0
BRDA:31,10,0,0
BRDA:31,10,1,0
BRDA:31,11,0,0
BRDA:31,11,1,0
BRDA:33,12,0,0
BRDA:33,12,1,0
BRF:26
BRH:0
end_of_record
TN:
SF:src\components\croatia\CroatiaAthletes.jsx
FN:147,PlayerCard
FN:251,(anonymous_1)
FN:263,(anonymous_2)
FN:275,(anonymous_3)
FN:293,CroatiaAthletes
FN:296,(anonymous_5)
FN:303,(anonymous_6)
FN:306,(anonymous_7)
FN:307,(anonymous_8)
FN:314,(anonymous_9)
FN:314,(anonymous_10)
FN:346,(anonymous_11)
FN:348,(anonymous_12)
FN:348,(anonymous_13)
FN:349,(anonymous_14)
FN:358,(anonymous_15)
FN:380,(anonymous_16)
FN:384,(anonymous_17)
FN:407,(anonymous_18)
FN:436,(anonymous_19)
FNF:20
FNH:0
FNDA:0,PlayerCard
FNDA:0,(anonymous_1)
FNDA:0,(anonymous_2)
FNDA:0,(anonymous_3)
FNDA:0,CroatiaAthletes
FNDA:0,(anonymous_5)
FNDA:0,(anonymous_6)
FNDA:0,(anonymous_7)
FNDA:0,(anonymous_8)
FNDA:0,(anonymous_9)
FNDA:0,(anonymous_10)
FNDA:0,(anonymous_11)
FNDA:0,(anonymous_12)
FNDA:0,(anonymous_13)
FNDA:0,(anonymous_14)
FNDA:0,(anonymous_15)
FNDA:0,(anonymous_16)
FNDA:0,(anonymous_17)
FNDA:0,(anonymous_18)
FNDA:0,(anonymous_19)
DA:15,0
DA:17,0
DA:139,0
DA:140,0
DA:148,0
DA:150,0
DA:251,0
DA:263,0
DA:275,0
DA:294,0
DA:296,0
DA:297,0
DA:298,0
DA:301,0
DA:303,0
DA:306,0
DA:307,0
DA:308,0
DA:309,0
DA:312,0
DA:314,0
DA:319,0
DA:346,0
DA:348,0
DA:350,0
DA:358,0
DA:381,0
DA:382,0
DA:383,0
DA:384,0
DA:408,0
DA:436,0
LF:32
LH:0
BRDA:148,0,0,0
BRDA:148,0,1,0
BRDA:199,1,0,0
BRDA:199,1,1,0
BRDA:297,2,0,0
BRDA:297,2,1,0
BRDA:301,3,0,0
BRDA:301,3,1,0
BRDA:308,4,0,0
BRDA:308,4,1,0
BRDA:382,5,0,0
BRDA:382,5,1,0
BRDA:386,6,0,0
BRDA:386,6,1,0
BRDA:387,7,0,0
BRDA:387,7,1,0
BRDA:388,8,0,0
BRDA:388,8,1,0
BRDA:391,9,0,0
BRDA:391,9,1,0
BRDA:395,10,0,0
BRDA:395,10,1,0
BRDA:396,11,0,0
BRDA:396,11,1,0
BRDA:410,12,0,0
BRDA:410,12,1,0
BRDA:417,13,0,0
BRDA:417,13,1,0
BRDA:421,14,0,0
BRDA:421,14,1,0
BRDA:428,15,0,0
BRDA:428,15,1,0
BRDA:432,16,0,0
BRDA:432,16,1,0
BRF:34
BRH:0
end_of_record
TN:
SF:src\components\croatia\CroatiaCulture.jsx
FN:5,TextingScreen
FN:10,(anonymous_1)
FN:11,(anonymous_2)
FN:23,FriendsScreen
FN:28,(anonymous_4)
FN:29,(anonymous_5)
FN:38,FoodOrderScreen
FN:43,(anonymous_7)
FN:47,(anonymous_8)
FN:48,(anonymous_9)
FN:54,(anonymous_10)
FN:55,(anonymous_11)
FN:65,(anonymous_12)
FN:66,(anonymous_13)
FN:75,TransportScreen
FN:80,(anonymous_15)
FN:81,(anonymous_16)
FN:90,EmergencyScreen
FN:99,(anonymous_18)
FN:100,(anonymous_19)
FN:107,(anonymous_20)
FN:108,(anonymous_21)
FN:115,(anonymous_22)
FN:125,FootballScreen
FN:131,(anonymous_24)
FN:132,(anonymous_25)
FN:138,(anonymous_26)
FN:146,(anonymous_27)
FN:147,(anonymous_28)
FN:156,PopCultureScreen
FN:162,(anonymous_30)
FN:164,(anonymous_31)
FN:177,PracticalScreen
FN:192,(anonymous_33)
FN:193,(anonymous_34)
FN:204,(anonymous_35)
FN:214,SchoolScreen
FN:229,(anonymous_37)
FN:230,(anonymous_38)
FN:238,(anonymous_39)
FN:239,(anonymous_40)
FN:246,(anonymous_41)
FN:247,(anonymous_42)
FN:256,GroceryScreen
FN:263,(anonymous_44)
FN:272,(anonymous_45)
FN:281,(anonymous_46)
FN:282,(anonymous_47)
FN:289,(anonymous_48)
FN:290,(anonymous_49)
FN:299,HimnaPlayer
FN:308,toggle
FN:312,(anonymous_52)
FN:315,seek
FN:322,fmt
FN:332,(anonymous_55)
FN:333,(anonymous_56)
FN:334,(anonymous_57)
FN:335,(anonymous_58)
FN:336,(anonymous_59)
FN:337,(anonymous_60)
FN:382,HistoryScreen
FN:391,(anonymous_62)
FN:404,(anonymous_63)
FN:412,(anonymous_64)
FN:423,(anonymous_65)
FN:424,(anonymous_66)
FN:440,SportScreen
FN:444,(anonymous_68)
FN:446,playPhrase
FN:449,(anonymous_70)
FN:453,(anonymous_71)
FN:480,(anonymous_72)
FN:483,(anonymous_73)
FN:513,(anonymous_74)
FN:518,(anonymous_75)
FN:541,(anonymous_76)
FN:546,(anonymous_77)
FN:589,BasketballScreen
FN:603,GymScreen
FNF:80
FNH:0
FNDA:0,TextingScreen
FNDA:0,(anonymous_1)
FNDA:0,(anonymous_2)
FNDA:0,FriendsScreen
FNDA:0,(anonymous_4)
FNDA:0,(anonymous_5)
FNDA:0,FoodOrderScreen
FNDA:0,(anonymous_7)
FNDA:0,(anonymous_8)
FNDA:0,(anonymous_9)
FNDA:0,(anonymous_10)
FNDA:0,(anonymous_11)
FNDA:0,(anonymous_12)
FNDA:0,(anonymous_13)
FNDA:0,TransportScreen
FNDA:0,(anonymous_15)
FNDA:0,(anonymous_16)
FNDA:0,EmergencyScreen
FNDA:0,(anonymous_18)
FNDA:0,(anonymous_19)
FNDA:0,(anonymous_20)
FNDA:0,(anonymous_21)
FNDA:0,(anonymous_22)
FNDA:0,FootballScreen
FNDA:0,(anonymous_24)
FNDA:0,(anonymous_25)
FNDA:0,(anonymous_26)
FNDA:0,(anonymous_27)
FNDA:0,(anonymous_28)
FNDA:0,PopCultureScreen
FNDA:0,(anonymous_30)
FNDA:0,(anonymous_31)
FNDA:0,PracticalScreen
FNDA:0,(anonymous_33)
FNDA:0,(anonymous_34)
FNDA:0,(anonymous_35)
FNDA:0,SchoolScreen
FNDA:0,(anonymous_37)
FNDA:0,(anonymous_38)
FNDA:0,(anonymous_39)
FNDA:0,(anonymous_40)
FNDA:0,(anonymous_41)
FNDA:0,(anonymous_42)
FNDA:0,GroceryScreen
FNDA:0,(anonymous_44)
FNDA:0,(anonymous_45)
FNDA:0,(anonymous_46)
FNDA:0,(anonymous_47)
FNDA:0,(anonymous_48)
FNDA:0,(anonymous_49)
FNDA:0,HimnaPlayer
FNDA:0,toggle
FNDA:0,(anonymous_52)
FNDA:0,seek
FNDA:0,fmt
FNDA:0,(anonymous_55)
FNDA:0,(anonymous_56)
FNDA:0,(anonymous_57)
FNDA:0,(anonymous_58)
FNDA:0,(anonymous_59)
FNDA:0,(anonymous_60)
FNDA:0,HistoryScreen
FNDA:0,(anonymous_62)
FNDA:0,(anonymous_63)
FNDA:0,(anonymous_64)
FNDA:0,(anonymous_65)
FNDA:0,(anonymous_66)
FNDA:0,SportScreen
FNDA:0,(anonymous_68)
FNDA:0,playPhrase
FNDA:0,(anonymous_70)
FNDA:0,(anonymous_71)
FNDA:0,(anonymous_72)
FNDA:0,(anonymous_73)
FNDA:0,(anonymous_74)
FNDA:0,(anonymous_75)
FNDA:0,(anonymous_76)
FNDA:0,(anonymous_77)
FNDA:0,BasketballScreen
FNDA:0,GymScreen
DA:6,0
DA:10,0
DA:11,0
DA:24,0
DA:28,0
DA:29,0
DA:39,0
DA:43,0
DA:47,0
DA:48,0
DA:54,0
DA:55,0
DA:65,0
DA:66,0
DA:76,0
DA:80,0
DA:81,0
DA:91,0
DA:99,0
DA:100,0
DA:107,0
DA:108,0
DA:115,0
DA:126,0
DA:131,0
DA:132,0
DA:138,0
DA:146,0
DA:147,0
DA:157,0
DA:162,0
DA:164,0
DA:178,0
DA:192,0
DA:193,0
DA:204,0
DA:215,0
DA:229,0
DA:230,0
DA:238,0
DA:239,0
DA:246,0
DA:247,0
DA:257,0
DA:263,0
DA:272,0
DA:281,0
DA:282,0
DA:289,0
DA:290,0
DA:300,0
DA:301,0
DA:302,0
DA:303,0
DA:304,0
DA:305,0
DA:306,0
DA:309,0
DA:310,0
DA:311,0
DA:312,0
DA:316,0
DA:317,0
DA:318,0
DA:319,0
DA:323,0
DA:326,0
DA:332,0
DA:333,0
DA:334,0
DA:335,0
DA:336,0
DA:337,0
DA:383,0
DA:391,0
DA:404,0
DA:412,0
DA:423,0
DA:424,0
DA:441,0
DA:442,0
DA:443,0
DA:444,0
DA:447,0
DA:448,0
DA:449,0
DA:453,0
DA:455,0
DA:481,0
DA:482,0
DA:483,0
DA:514,0
DA:515,0
DA:516,0
DA:518,0
DA:542,0
DA:543,0
DA:544,0
DA:546,0
DA:590,0
DA:604,0
LF:101
LH:0
BRDA:310,0,0,0
BRDA:310,0,1,0
BRDA:311,1,0,0
BRDA:311,1,1,0
BRDA:317,2,0,0
BRDA:317,2,1,0
BRDA:317,3,0,0
BRDA:317,3,1,0
BRDA:332,4,0,0
BRDA:332,4,1,0
BRDA:333,5,0,0
BRDA:333,5,1,0
BRDA:333,6,0,0
BRDA:333,6,1,0
BRDA:334,7,0,0
BRDA:334,7,1,0
BRDA:354,8,0,0
BRDA:354,8,1,0
BRDA:361,9,0,0
BRDA:361,9,1,0
BRDA:373,10,0,0
BRDA:373,10,1,0
BRDA:392,11,0,0
BRDA:392,11,1,0
BRDA:392,12,0,0
BRDA:392,12,1,0
BRDA:453,13,0,0
BRDA:453,13,1,0
BRDA:484,14,0,0
BRDA:484,14,1,0
BRDA:485,15,0,0
BRDA:485,15,1,0
BRDA:486,16,0,0
BRDA:486,16,1,0
BRDA:490,17,0,0
BRDA:490,17,1,0
BRDA:490,18,0,0
BRDA:490,18,1,0
BRDA:511,19,0,0
BRDA:511,19,1,0
BRDA:519,20,0,0
BRDA:519,20,1,0
BRDA:520,21,0,0
BRDA:520,21,1,0
BRDA:522,22,0,0
BRDA:522,22,1,0
BRDA:528,23,0,0
BRDA:528,23,1,0
BRDA:539,24,0,0
BRDA:539,24,1,0
BRDA:548,25,0,0
BRDA:548,25,1,0
BRDA:549,26,0,0
BRDA:549,26,1,0
BRDA:553,27,0,0
BRDA:553,27,1,0
BRDA:555,28,0,0
BRDA:555,28,1,0
BRDA:563,29,0,0
BRDA:563,29,1,0
BRDA:574,30,0,0
BRDA:574,30,1,0
BRDA:577,31,0,0
BRDA:577,31,1,0
BRDA:592,32,0,0
BRDA:592,32,1,0
BRDA:606,33,0,0
BRDA:606,33,1,0
BRF:68
BRH:0
end_of_record
TN:
SF:src\components\croatia\CroatiaTab.jsx
FN:7,getDomain
FN:13,getActionLabel
FN:24,RadioPlayer
FN:32,(anonymous_3)
FN:43,toggle
FN:58,(anonymous_5)
FN:67,(anonymous_6)
FN:68,(anonymous_7)
FN:69,(anonymous_8)
FN:70,(anonymous_9)
FN:104,MediaCard
FN:167,(anonymous_11)
FN:167,(anonymous_12)
FN:209,SpotifyCard
FN:214,(anonymous_14)
FN:257,SpotifyPlaylists
FN:266,(anonymous_16)
FN:269,(anonymous_17)
FN:278,CrSection
FN:283,(anonymous_19)
FN:283,(anonymous_20)
FN:303,CroatiaTab
FN:312,toggleCat
FN:312,(anonymous_23)
FN:326,(anonymous_24)
FN:331,(anonymous_25)
FN:340,(anonymous_26)
FN:359,(anonymous_27)
FN:360,(anonymous_28)
FN:361,(anonymous_29)
FN:362,(anonymous_30)
FN:363,(anonymous_31)
FN:364,(anonymous_32)
FN:365,(anonymous_33)
FN:366,(anonymous_34)
FN:367,(anonymous_35)
FN:368,(anonymous_36)
FN:369,(anonymous_37)
FN:370,(anonymous_38)
FN:371,(anonymous_39)
FN:389,(anonymous_40)
FN:390,(anonymous_41)
FN:391,(anonymous_42)
FN:392,(anonymous_43)
FN:393,(anonymous_44)
FN:394,(anonymous_45)
FN:395,(anonymous_46)
FN:396,(anonymous_47)
FN:397,(anonymous_48)
FN:398,(anonymous_49)
FN:399,(anonymous_50)
FN:400,(anonymous_51)
FN:401,(anonymous_52)
FN:415,(anonymous_53)
FN:442,(anonymous_54)
FN:443,(anonymous_55)
FN:452,(anonymous_56)
FN:468,(anonymous_57)
FN:473,(anonymous_58)
FNF:59
FNH:0
FNDA:0,getDomain
FNDA:0,getActionLabel
FNDA:0,RadioPlayer
FNDA:0,(anonymous_3)
FNDA:0,toggle
FNDA:0,(anonymous_5)
FNDA:0,(anonymous_6)
FNDA:0,(anonymous_7)
FNDA:0,(anonymous_8)
FNDA:0,(anonymous_9)
FNDA:0,MediaCard
FNDA:0,(anonymous_11)
FNDA:0,(anonymous_12)
FNDA:0,SpotifyCard
FNDA:0,(anonymous_14)
FNDA:0,SpotifyPlaylists
FNDA:0,(anonymous_16)
FNDA:0,(anonymous_17)
FNDA:0,CrSection
FNDA:0,(anonymous_19)
FNDA:0,(anonymous_20)
FNDA:0,CroatiaTab
FNDA:0,toggleCat
FNDA:0,(anonymous_23)
FNDA:0,(anonymous_24)
FNDA:0,(anonymous_25)
FNDA:0,(anonymous_26)
FNDA:0,(anonymous_27)
FNDA:0,(anonymous_28)
FNDA:0,(anonymous_29)
FNDA:0,(anonymous_30)
FNDA:0,(anonymous_31)
FNDA:0,(anonymous_32)
FNDA:0,(anonymous_33)
FNDA:0,(anonymous_34)
FNDA:0,(anonymous_35)
FNDA:0,(anonymous_36)
FNDA:0,(anonymous_37)
FNDA:0,(anonymous_38)
FNDA:0,(anonymous_39)
FNDA:0,(anonymous_40)
FNDA:0,(anonymous_41)
FNDA:0,(anonymous_42)
FNDA:0,(anonymous_43)
FNDA:0,(anonymous_44)
FNDA:0,(anonymous_45)
FNDA:0,(anonymous_46)
FNDA:0,(anonymous_47)
FNDA:0,(anonymous_48)
FNDA:0,(anonymous_49)
FNDA:0,(anonymous_50)
FNDA:0,(anonymous_51)
FNDA:0,(anonymous_52)
FNDA:0,(anonymous_53)
FNDA:0,(anonymous_54)
FNDA:0,(anonymous_55)
FNDA:0,(anonymous_56)
FNDA:0,(anonymous_57)
FNDA:0,(anonymous_58)
DA:4,0
DA:5,0
DA:8,0
DA:9,0
DA:10,0
DA:14,0
DA:15,0
DA:16,0
DA:17,0
DA:19,0
DA:20,0
DA:21,0
DA:25,0
DA:26,0
DA:27,0
DA:28,0
DA:29,0
DA:30,0
DA:32,0
DA:33,0
DA:34,0
DA:35,0
DA:36,0
DA:37,0
DA:38,0
DA:39,0
DA:44,0
DA:45,0
DA:46,0
DA:47,0
DA:48,0
DA:49,0
DA:50,0
DA:51,0
DA:52,0
DA:54,0
DA:55,0
DA:56,0
DA:57,0
DA:58,0
DA:62,0
DA:67,0
DA:68,0
DA:69,0
DA:70,0
DA:105,0
DA:106,0
DA:107,0
DA:108,0
DA:109,0
DA:110,0
DA:111,0
DA:112,0
DA:113,0
DA:114,0
DA:115,0
DA:117,0
DA:167,0
DA:186,0
DA:210,0
DA:211,0
DA:214,0
DA:258,0
DA:259,0
DA:264,0
DA:267,0
DA:270,0
DA:279,0
DA:280,0
DA:283,0
DA:308,0
DA:309,0
DA:310,0
DA:311,0
DA:312,0
DA:314,0
DA:326,0
DA:331,0
DA:340,0
DA:359,0
DA:360,0
DA:361,0
DA:362,0
DA:363,0
DA:364,0
DA:365,0
DA:366,0
DA:367,0
DA:368,0
DA:369,0
DA:370,0
DA:372,0
DA:389,0
DA:390,0
DA:391,0
DA:392,0
DA:393,0
DA:394,0
DA:395,0
DA:396,0
DA:397,0
DA:398,0
DA:399,0
DA:400,0
DA:402,0
DA:415,0
DA:443,0
DA:444,0
DA:445,0
DA:446,0
DA:447,0
DA:448,0
DA:449,0
DA:452,0
DA:469,0
DA:474,0
DA:475,0
LF:117
LH:0
BRDA:8,0,0,0
BRDA:8,0,1,0
BRDA:14,1,0,0
BRDA:14,1,1,0
BRDA:14,2,0,0
BRDA:14,2,1,0
BRDA:15,3,0,0
BRDA:15,3,1,0
BRDA:16,4,0,0
BRDA:16,4,1,0
BRDA:17,5,0,0
BRDA:17,5,1,0
BRDA:19,6,0,0
BRDA:19,6,1,0
BRDA:21,7,0,0
BRDA:21,7,1,0
BRDA:33,8,0,0
BRDA:33,8,1,0
BRDA:34,9,0,0
BRDA:34,9,1,0
BRDA:34,10,0,0
BRDA:34,10,1,0
BRDA:45,11,0,0
BRDA:45,11,1,0
BRDA:46,12,0,0
BRDA:46,12,1,0
BRDA:46,13,0,0
BRDA:46,13,1,0
BRDA:76,14,0,0
BRDA:76,14,1,0
BRDA:76,15,0,0
BRDA:76,15,1,0
BRDA:78,16,0,0
BRDA:78,16,1,0
BRDA:78,17,0,0
BRDA:78,17,1,0
BRDA:82,18,0,0
BRDA:82,18,1,0
BRDA:82,19,0,0
BRDA:82,19,1,0
BRDA:84,20,0,0
BRDA:84,20,1,0
BRDA:84,21,0,0
BRDA:84,21,1,0
BRDA:87,22,0,0
BRDA:87,22,1,0
BRDA:89,23,0,0
BRDA:89,23,1,0
BRDA:95,24,0,0
BRDA:95,24,1,0
BRDA:106,25,0,0
BRDA:106,25,1,0
BRDA:108,26,0,0
BRDA:108,26,1,0
BRDA:109,27,0,0
BRDA:109,27,1,0
BRDA:113,28,0,0
BRDA:113,28,1,0
BRDA:113,29,0,0
BRDA:113,29,1,0
BRDA:114,30,0,0
BRDA:114,30,1,0
BRDA:115,31,0,0
BRDA:115,31,1,0
BRDA:127,32,0,0
BRDA:127,32,1,0
BRDA:128,33,0,0
BRDA:128,33,1,0
BRDA:129,34,0,0
BRDA:129,34,1,0
BRDA:130,35,0,0
BRDA:130,35,1,0
BRDA:133,36,0,0
BRDA:133,36,1,0
BRDA:133,36,2,0
BRDA:133,36,3,0
BRDA:138,37,0,0
BRDA:138,37,1,0
BRDA:148,38,0,0
BRDA:148,38,1,0
BRDA:156,39,0,0
BRDA:156,39,1,0
BRDA:160,40,0,0
BRDA:160,40,1,0
BRDA:165,41,0,0
BRDA:165,41,1,0
BRDA:168,42,0,0
BRDA:168,42,1,0
BRDA:168,43,0,0
BRDA:168,43,1,0
BRDA:168,44,0,0
BRDA:168,44,1,0
BRDA:171,45,0,0
BRDA:171,45,1,0
BRDA:177,46,0,0
BRDA:177,46,1,0
BRDA:177,46,2,0
BRDA:214,47,0,0
BRDA:214,47,1,0
BRDA:227,48,0,0
BRDA:227,48,1,0
BRDA:229,49,0,0
BRDA:229,49,1,0
BRDA:268,50,0,0
BRDA:268,50,1,0
BRDA:278,51,0,0
BRDA:290,52,0,0
BRDA:290,52,1,0
BRDA:296,53,0,0
BRDA:296,53,1,0
BRDA:298,54,0,0
BRDA:298,54,1,0
BRDA:444,55,0,0
BRDA:444,55,1,0
BRDA:453,56,0,0
BRDA:453,56,1,0
BRDA:460,57,0,0
BRDA:460,57,1,0
BRDA:461,58,0,0
BRDA:461,58,1,0
BRDA:464,59,0,0
BRDA:464,59,1,0
BRDA:466,60,0,0
BRDA:466,60,1,0
BRDA:474,61,0,0
BRDA:474,61,1,0
BRDA:474,62,0,0
BRDA:474,62,1,0
BRDA:481,63,0,0
BRDA:481,63,1,0
BRF:130
BRH:0
end_of_record
TN:
SF:src\components\croatia\EventsTop100.jsx
FN:5,EventsCalendar
FN:12,(anonymous_1)
FN:13,(anonymous_2)
FN:18,(anonymous_3)
FN:18,(anonymous_4)
FN:21,(anonymous_5)
FN:32,Top100Screen
FN:39,(anonymous_7)
FN:40,(anonymous_8)
FN:47,(anonymous_9)
FN:50,(anonymous_10)
FN:51,(anonymous_11)
FNF:12
FNH:0
FNDA:0,EventsCalendar
FNDA:0,(anonymous_1)
FNDA:0,(anonymous_2)
FNDA:0,(anonymous_3)
FNDA:0,(anonymous_4)
FNDA:0,(anonymous_5)
FNDA:0,Top100Screen
FNDA:0,(anonymous_7)
FNDA:0,(anonymous_8)
FNDA:0,(anonymous_9)
FNDA:0,(anonymous_10)
FNDA:0,(anonymous_11)
DA:6,0
DA:7,0
DA:12,0
DA:13,0
DA:18,0
DA:21,0
DA:33,0
DA:34,0
DA:39,0
DA:40,0
DA:47,0
DA:50,0
DA:51,0
LF:13
LH:0
BRDA:6,0,0,0
BRDA:6,0,1,0
BRDA:13,1,0,0
BRDA:13,1,1,0
BRDA:18,2,0,0
BRDA:18,2,1,0
BRDA:22,3,0,0
BRDA:22,3,1,0
BRDA:38,4,0,0
BRDA:38,4,1,0
BRDA:41,5,0,0
BRDA:41,5,1,0
BRDA:41,6,0,0
BRDA:41,6,1,0
BRDA:41,7,0,0
BRDA:41,7,1,0
BRDA:41,8,0,0
BRDA:41,8,1,0
BRDA:41,9,0,0
BRDA:41,9,1,0
BRDA:41,10,0,0
BRDA:41,10,1,0
BRDA:41,11,0,0
BRDA:41,11,1,0
BRF:24
BRH:0
end_of_record
TN:
SF:src\components\croatia\HNLScreen.jsx
FN:137,HNLScreen
FN:151,(anonymous_1)
FN:163,(anonymous_2)
FN:166,(anonymous_3)
FN:178,(anonymous_4)
FN:180,(anonymous_5)
FN:211,(anonymous_6)
FN:245,(anonymous_7)
FN:259,(anonymous_8)
FN:270,(anonymous_9)
FN:273,(anonymous_10)
FN:294,(anonymous_11)
FN:308,(anonymous_12)
FN:331,(anonymous_13)
FN:353,(anonymous_14)
FN:354,(anonymous_15)
FN:371,(anonymous_16)
FN:373,(anonymous_17)
FN:389,(anonymous_18)
FN:390,(anonymous_19)
FNF:20
FNH:0
FNDA:0,HNLScreen
FNDA:0,(anonymous_1)
FNDA:0,(anonymous_2)
FNDA:0,(anonymous_3)
FNDA:0,(anonymous_4)
FNDA:0,(anonymous_5)
FNDA:0,(anonymous_6)
FNDA:0,(anonymous_7)
FNDA:0,(anonymous_8)
FNDA:0,(anonymous_9)
FNDA:0,(anonymous_10)
FNDA:0,(anonymous_11)
FNDA:0,(anonymous_12)
FNDA:0,(anonymous_13)
FNDA:0,(anonymous_14)
FNDA:0,(anonymous_15)
FNDA:0,(anonymous_16)
FNDA:0,(anonymous_17)
FNDA:0,(anonymous_18)
FNDA:0,(anonymous_19)
DA:6,0
DA:19,0
DA:28,0
DA:111,0
DA:128,0
DA:138,0
DA:140,0
DA:152,0
DA:164,0
DA:166,0
DA:179,0
DA:180,0
DA:212,0
DA:213,0
DA:214,0
DA:215,0
DA:246,0
DA:259,0
DA:271,0
DA:273,0
DA:295,0
DA:309,0
DA:332,0
DA:354,0
DA:372,0
DA:373,0
DA:390,0
LF:27
LH:0
BRDA:182,0,0,0
BRDA:182,0,1,0
BRDA:183,1,0,0
BRDA:183,1,1,0
BRDA:184,2,0,0
BRDA:184,2,1,0
BRDA:192,3,0,0
BRDA:192,3,1,0
BRDA:213,4,0,0
BRDA:213,4,1,0
BRDA:214,5,0,0
BRDA:214,5,1,0
BRDA:214,6,0,0
BRDA:214,6,1,0
BRDA:217,7,0,0
BRDA:217,7,1,0
BRDA:217,8,0,0
BRDA:217,8,1,0
BRDA:226,9,0,0
BRDA:226,9,1,0
BRDA:226,10,0,0
BRDA:226,10,1,0
BRDA:247,11,0,0
BRDA:247,11,1,0
BRDA:247,12,0,0
BRDA:247,12,1,0
BRDA:247,13,0,0
BRDA:247,13,1,0
BRDA:247,14,0,0
BRDA:247,14,1,0
BRDA:282,15,0,0
BRDA:282,15,1,0
BRDA:350,16,0,0
BRDA:350,16,1,0
BRF:34
BRH:0
end_of_record
TN:
SF:src\components\croatia\IdiomsScreen.jsx
FN:4,IdiomsScreen
FN:9,(anonymous_1)
FN:10,(anonymous_2)
FNF:3
FNH:0
FNDA:0,IdiomsScreen
FNDA:0,(anonymous_1)
FNDA:0,(anonymous_2)
DA:5,0
DA:10,0
LF:2
LH:0
BRF:0
BRH:0
end_of_record
TN:
SF:src\components\croatia\ImmersionHub.jsx
FN:53,ImmersionHub
FN:61,(anonymous_1)
FN:67,(anonymous_2)
FN:84,(anonymous_3)
FN:95,(anonymous_4)
FN:96,(anonymous_5)
FN:107,(anonymous_6)
FN:118,(anonymous_7)
FN:134,(anonymous_8)
FN:136,(anonymous_9)
FN:142,(anonymous_10)
FN:155,(anonymous_11)
FN:156,(anonymous_12)
FN:156,(anonymous_13)
FN:163,(anonymous_14)
FN:164,(anonymous_15)
FN:164,(anonymous_16)
FN:169,(anonymous_17)
FN:184,(anonymous_18)
FN:187,(anonymous_19)
FN:197,(anonymous_20)
FN:217,(anonymous_21)
FN:230,(anonymous_22)
FN:243,JourneyCard
FN:247,(anonymous_24)
FN:247,(anonymous_25)
FN:262,(anonymous_26)
FN:278,MediaCard
FN:282,(anonymous_28)
FN:302,FilterBtn
FNF:30
FNH:0
FNDA:0,ImmersionHub
FNDA:0,(anonymous_1)
FNDA:0,(anonymous_2)
FNDA:0,(anonymous_3)
FNDA:0,(anonymous_4)
FNDA:0,(anonymous_5)
FNDA:0,(anonymous_6)
FNDA:0,(anonymous_7)
FNDA:0,(anonymous_8)
FNDA:0,(anonymous_9)
FNDA:0,(anonymous_10)
FNDA:0,(anonymous_11)
FNDA:0,(anonymous_12)
FNDA:0,(anonymous_13)
FNDA:0,(anonymous_14)
FNDA:0,(anonymous_15)
FNDA:0,(anonymous_16)
FNDA:0,(anonymous_17)
FNDA:0,(anonymous_18)
FNDA:0,(anonymous_19)
FNDA:0,(anonymous_20)
FNDA:0,(anonymous_21)
FNDA:0,(anonymous_22)
FNDA:0,JourneyCard
FNDA:0,(anonymous_24)
FNDA:0,(anonymous_25)
FNDA:0,(anonymous_26)
FNDA:0,MediaCard
FNDA:0,(anonymous_28)
FNDA:0,FilterBtn
DA:4,0
DA:5,0
DA:6,0
DA:8,0
DA:35,0
DA:42,0
DA:54,0
DA:55,0
DA:56,0
DA:58,0
DA:59,0
DA:61,0
DA:62,0
DA:63,0
DA:64,0
DA:67,0
DA:68,0
DA:73,0
DA:75,0
DA:84,0
DA:96,0
DA:107,0
DA:119,0
DA:135,0
DA:136,0
DA:143,0
DA:155,0
DA:156,0
DA:163,0
DA:164,0
DA:170,0
DA:185,0
DA:188,0
DA:198,0
DA:218,0
DA:231,0
DA:244,0
DA:245,0
DA:247,0
DA:263,0
DA:279,0
DA:280,0
DA:282,0
DA:303,0
LF:44
LH:0
BRDA:62,0,0,0
BRDA:62,0,1,0
BRDA:62,1,0,0
BRDA:62,1,1,0
BRDA:63,2,0,0
BRDA:63,2,1,0
BRDA:63,3,0,0
BRDA:63,3,1,0
BRDA:68,4,0,0
BRDA:68,4,1,0
BRDA:68,5,0,0
BRDA:68,5,1,0
BRDA:97,6,0,0
BRDA:97,6,1,0
BRDA:97,7,0,0
BRDA:97,7,1,0
BRDA:97,8,0,0
BRDA:97,8,1,0
BRDA:104,9,0,0
BRDA:104,9,1,0
BRDA:107,10,0,0
BRDA:107,10,1,0
BRDA:149,11,0,0
BRDA:149,11,1,0
BRDA:168,12,0,0
BRDA:168,12,1,0
BRDA:176,13,0,0
BRDA:176,13,1,0
BRDA:208,14,0,0
BRDA:208,14,1,0
BRDA:256,15,0,0
BRDA:256,15,1,0
BRDA:258,16,0,0
BRDA:258,16,1,0
BRDA:279,17,0,0
BRDA:279,17,1,0
BRDA:282,18,0,0
BRDA:282,18,1,0
BRDA:297,19,0,0
BRDA:297,19,1,0
BRDA:297,19,2,0
BRDA:305,20,0,0
BRDA:305,20,1,0
BRDA:305,21,0,0
BRDA:305,21,1,0
BRDA:305,22,0,0
BRDA:305,22,1,0
BRF:47
BRH:0
end_of_record
TN:
SF:src\components\croatia\KingsScreen.jsx
FN:5,KingsScreen
FN:12,(anonymous_1)
FN:13,(anonymous_2)
FN:22,(anonymous_3)
FN:32,(anonymous_4)
FN:47,(anonymous_5)
FN:48,(anonymous_6)
FN:62,(anonymous_7)
FN:63,(anonymous_8)
FN:77,(anonymous_9)
FN:78,(anonymous_10)
FN:87,(anonymous_11)
FN:88,(anonymous_12)
FN:95,(anonymous_13)
FN:95,(anonymous_14)
FNF:15
FNH:0
FNDA:0,KingsScreen
FNDA:0,(anonymous_1)
FNDA:0,(anonymous_2)
FNDA:0,(anonymous_3)
FNDA:0,(anonymous_4)
FNDA:0,(anonymous_5)
FNDA:0,(anonymous_6)
FNDA:0,(anonymous_7)
FNDA:0,(anonymous_8)
FNDA:0,(anonymous_9)
FNDA:0,(anonymous_10)
FNDA:0,(anonymous_11)
FNDA:0,(anonymous_12)
FNDA:0,(anonymous_13)
FNDA:0,(anonymous_14)
DA:6,0
DA:7,0
DA:12,0
DA:13,0
DA:22,0
DA:32,0
DA:47,0
DA:48,0
DA:62,0
DA:63,0
DA:77,0
DA:78,0
DA:87,0
DA:88,0
DA:95,0
LF:15
LH:0
BRDA:13,0,0,0
BRDA:13,0,1,0
BRDA:14,1,0,0
BRDA:14,1,1,0
BRDA:14,2,0,0
BRDA:14,2,1,0
BRDA:14,3,0,0
BRDA:14,3,1,0
BRDA:14,4,0,0
BRDA:14,4,1,0
BRDA:18,5,0,0
BRDA:18,5,1,0
BRDA:23,6,0,0
BRDA:23,6,1,0
BRDA:23,7,0,0
BRDA:23,7,1,0
BRDA:23,8,0,0
BRDA:23,8,1,0
BRDA:43,9,0,0
BRDA:43,9,1,0
BRDA:58,10,0,0
BRDA:58,10,1,0
BRDA:63,11,0,0
BRDA:63,11,1,0
BRDA:65,12,0,0
BRDA:65,12,1,0
BRDA:68,13,0,0
BRDA:68,13,1,0
BRDA:73,14,0,0
BRDA:73,14,1,0
BRDA:84,15,0,0
BRDA:84,15,1,0
BRDA:95,16,0,0
BRDA:95,16,1,0
BRF:34
BRH:0
end_of_record
TN:
SF:src\components\croatia\LyricsScreen.jsx
FN:78,buildQuiz
FN:79,(anonymous_1)
FN:80,(anonymous_2)
FN:82,(anonymous_3)
FN:90,LyricsScreen
FN:97,(anonymous_5)
FN:98,(anonymous_6)
FN:98,(anonymous_7)
FN:100,(anonymous_8)
FN:102,checkAnswers
FN:105,(anonymous_10)
FN:105,(anonymous_11)
FN:117,reset
FN:123,nextSong
FN:124,(anonymous_14)
FN:134,(anonymous_15)
FN:135,(anonymous_16)
FN:152,(anonymous_17)
FN:154,(anonymous_18)
FN:170,(anonymous_19)
FN:170,(anonymous_20)
FN:171,(anonymous_21)
FN:181,(anonymous_22)
FN:193,(anonymous_23)
FN:194,(anonymous_24)
FNF:25
FNH:0
FNDA:0,buildQuiz
FNDA:0,(anonymous_1)
FNDA:0,(anonymous_2)
FNDA:0,(anonymous_3)
FNDA:0,LyricsScreen
FNDA:0,(anonymous_5)
FNDA:0,(anonymous_6)
FNDA:0,(anonymous_7)
FNDA:0,(anonymous_8)
FNDA:0,checkAnswers
FNDA:0,(anonymous_10)
FNDA:0,(anonymous_11)
FNDA:0,reset
FNDA:0,nextSong
FNDA:0,(anonymous_14)
FNDA:0,(anonymous_15)
FNDA:0,(anonymous_16)
FNDA:0,(anonymous_17)
FNDA:0,(anonymous_18)
FNDA:0,(anonymous_19)
FNDA:0,(anonymous_20)
FNDA:0,(anonymous_21)
FNDA:0,(anonymous_22)
FNDA:0,(anonymous_23)
FNDA:0,(anonymous_24)
DA:6,0
DA:79,0
DA:80,0
DA:81,0
DA:82,0
DA:83,0
DA:84,0
DA:85,0
DA:91,0
DA:92,0
DA:93,0
DA:94,0
DA:96,0
DA:97,0
DA:98,0
DA:100,0
DA:103,0
DA:104,0
DA:105,0
DA:106,0
DA:107,0
DA:108,0
DA:109,0
DA:111,0
DA:112,0
DA:113,0
DA:114,0
DA:118,0
DA:119,0
DA:120,0
DA:124,0
DA:125,0
DA:128,0
DA:135,0
DA:153,0
DA:155,0
DA:156,0
DA:157,0
DA:158,0
DA:159,0
DA:160,0
DA:161,0
DA:162,0
DA:164,0
DA:170,0
DA:171,0
DA:181,0
DA:194,0
LF:48
LH:0
BRDA:84,0,0,0
BRDA:84,0,1,0
BRDA:106,1,0,0
BRDA:106,1,1,0
BRDA:108,2,0,0
BRDA:108,2,1,0
BRDA:109,3,0,0
BRDA:109,3,1,0
BRDA:113,4,0,0
BRDA:113,4,1,0
BRDA:113,5,0,0
BRDA:113,5,1,0
BRDA:136,6,0,0
BRDA:136,6,1,0
BRDA:155,7,0,0
BRDA:155,7,1,0
BRDA:157,8,0,0
BRDA:157,8,1,0
BRDA:159,9,0,0
BRDA:159,9,1,0
BRDA:161,10,0,0
BRDA:161,10,1,0
BRDA:162,11,0,0
BRDA:162,11,1,0
BRDA:171,12,0,0
BRDA:171,12,1,0
BRDA:177,13,0,0
BRDA:177,13,1,0
BRDA:177,13,2,0
BRDA:205,14,0,0
BRDA:205,14,1,0
BRDA:205,14,2,0
BRDA:210,15,0,0
BRDA:210,15,1,0
BRDA:210,16,0,0
BRDA:210,16,1,0
BRDA:216,17,0,0
BRDA:216,17,1,0
BRF:38
BRH:0
end_of_record
TN:
SF:src\components\croatia\ProverbsScreen.jsx
FN:4,ProverbsScreen
FN:9,(anonymous_1)
FN:10,(anonymous_2)
FNF:3
FNH:0
FNDA:0,ProverbsScreen
FNDA:0,(anonymous_1)
FNDA:0,(anonymous_2)
DA:5,0
DA:10,0
LF:2
LH:0
BRF:0
BRH:0
end_of_record
TN:
SF:src\components\croatia\RegionScreens.jsx
FN:5,RegionScreen
FN:22,resetQuiz
FN:26,handleQuizAnswer
FN:30,(anonymous_3)
FN:31,(anonymous_4)
FN:32,(anonymous_5)
FN:52,(anonymous_6)
FN:53,(anonymous_7)
FN:66,(anonymous_8)
FN:75,(anonymous_9)
FN:92,(anonymous_10)
FN:109,(anonymous_11)
FN:110,(anonymous_12)
FN:136,(anonymous_13)
FN:161,(anonymous_14)
FN:161,(anonymous_15)
FN:169,(anonymous_16)
FN:198,RoleplayScreen
FN:208,(anonymous_18)
FN:210,(anonymous_19)
FN:219,(anonymous_20)
FN:224,(anonymous_21)
FN:232,(anonymous_22)
FN:233,(anonymous_23)
FN:234,(anonymous_24)
FN:240,RecipesScreen
FN:250,(anonymous_26)
FN:252,(anonymous_27)
FN:262,(anonymous_28)
FN:264,(anonymous_29)
FN:268,(anonymous_30)
FN:269,(anonymous_31)
FN:275,(anonymous_32)
FN:276,(anonymous_33)
FN:285,CityOfDayScreen
FN:288,(anonymous_35)
FN:314,(anonymous_36)
FN:317,(anonymous_37)
FN:350,(anonymous_38)
FN:361,(anonymous_39)
FN:379,(anonymous_40)
FN:381,(anonymous_41)
FN:396,(anonymous_42)
FN:403,(anonymous_43)
FNF:44
FNH:0
FNDA:0,RegionScreen
FNDA:0,resetQuiz
FNDA:0,handleQuizAnswer
FNDA:0,(anonymous_3)
FNDA:0,(anonymous_4)
FNDA:0,(anonymous_5)
FNDA:0,(anonymous_6)
FNDA:0,(anonymous_7)
FNDA:0,(anonymous_8)
FNDA:0,(anonymous_9)
FNDA:0,(anonymous_10)
FNDA:0,(anonymous_11)
FNDA:0,(anonymous_12)
FNDA:0,(anonymous_13)
FNDA:0,(anonymous_14)
FNDA:0,(anonymous_15)
FNDA:0,(anonymous_16)
FNDA:0,RoleplayScreen
FNDA:0,(anonymous_18)
FNDA:0,(anonymous_19)
FNDA:0,(anonymous_20)
FNDA:0,(anonymous_21)
FNDA:0,(anonymous_22)
FNDA:0,(anonymous_23)
FNDA:0,(anonymous_24)
FNDA:0,RecipesScreen
FNDA:0,(anonymous_26)
FNDA:0,(anonymous_27)
FNDA:0,(anonymous_28)
FNDA:0,(anonymous_29)
FNDA:0,(anonymous_30)
FNDA:0,(anonymous_31)
FNDA:0,(anonymous_32)
FNDA:0,(anonymous_33)
FNDA:0,CityOfDayScreen
FNDA:0,(anonymous_35)
FNDA:0,(anonymous_36)
FNDA:0,(anonymous_37)
FNDA:0,(anonymous_38)
FNDA:0,(anonymous_39)
FNDA:0,(anonymous_40)
FNDA:0,(anonymous_41)
FNDA:0,(anonymous_42)
FNDA:0,(anonymous_43)
DA:6,0
DA:7,0
DA:8,0
DA:9,0
DA:10,0
DA:11,0
DA:12,0
DA:14,0
DA:23,0
DA:27,0
DA:28,0
DA:29,0
DA:30,0
DA:31,0
DA:32,0
DA:33,0
DA:37,0
DA:38,0
DA:40,0
DA:53,0
DA:66,0
DA:75,0
DA:92,0
DA:109,0
DA:110,0
DA:136,0
DA:161,0
DA:162,0
DA:163,0
DA:164,0
DA:165,0
DA:166,0
DA:167,0
DA:168,0
DA:169,0
DA:199,0
DA:200,0
DA:201,0
DA:202,0
DA:203,0
DA:208,0
DA:210,0
DA:219,0
DA:224,0
DA:232,0
DA:233,0
DA:234,0
DA:241,0
DA:242,0
DA:243,0
DA:244,0
DA:245,0
DA:250,0
DA:252,0
DA:262,0
DA:264,0
DA:268,0
DA:269,0
DA:275,0
DA:276,0
DA:286,0
DA:287,0
DA:288,0
DA:289,0
DA:291,0
DA:315,0
DA:316,0
DA:317,0
DA:351,0
DA:352,0
DA:353,0
DA:361,0
DA:379,0
DA:381,0
DA:397,0
DA:398,0
DA:399,0
DA:400,0
DA:404,0
LF:79
LH:0
BRDA:27,0,0,0
BRDA:27,0,1,0
BRDA:30,1,0,0
BRDA:30,1,1,0
BRDA:32,2,0,0
BRDA:32,2,1,0
BRDA:37,3,0,0
BRDA:37,3,1,0
BRDA:44,4,0,0
BRDA:44,4,1,0
BRDA:56,5,0,0
BRDA:56,5,1,0
BRDA:57,6,0,0
BRDA:57,6,1,0
BRDA:64,7,0,0
BRDA:64,7,1,0
BRDA:72,8,0,0
BRDA:72,8,1,0
BRDA:72,8,2,0
BRDA:87,9,0,0
BRDA:87,9,1,0
BRDA:87,9,2,0
BRDA:106,10,0,0
BRDA:106,10,1,0
BRDA:106,10,2,0
BRDA:110,11,0,0
BRDA:110,11,1,0
BRDA:120,12,0,0
BRDA:120,12,1,0
BRDA:122,13,0,0
BRDA:122,13,1,0
BRDA:133,14,0,0
BRDA:133,14,1,0
BRDA:133,14,2,0
BRDA:143,15,0,0
BRDA:143,15,1,0
BRDA:150,16,0,0
BRDA:150,16,1,0
BRDA:150,16,2,0
BRDA:152,17,0,0
BRDA:152,17,1,0
BRDA:166,18,0,0
BRDA:166,18,1,0
BRDA:166,19,0,0
BRDA:166,19,1,0
BRDA:166,20,0,0
BRDA:166,20,1,0
BRDA:167,21,0,0
BRDA:167,21,1,0
BRDA:167,21,2,0
BRDA:172,22,0,0
BRDA:172,22,1,0
BRDA:172,22,2,0
BRDA:172,23,0,0
BRDA:172,23,1,0
BRDA:172,23,2,0
BRDA:172,23,3,0
BRDA:179,24,0,0
BRDA:179,24,1,0
BRDA:179,25,0,0
BRDA:179,25,1,0
BRDA:184,26,0,0
BRDA:184,26,1,0
BRDA:185,27,0,0
BRDA:185,27,1,0
BRDA:186,28,0,0
BRDA:186,28,1,0
BRDA:209,29,0,0
BRDA:209,29,1,0
BRDA:220,30,0,0
BRDA:220,30,1,0
BRDA:221,31,0,0
BRDA:221,31,1,0
BRDA:222,32,0,0
BRDA:222,32,1,0
BRDA:223,33,0,0
BRDA:223,33,1,0
BRDA:223,34,0,0
BRDA:223,34,1,0
BRDA:227,35,0,0
BRDA:227,35,1,0
BRDA:232,36,0,0
BRDA:232,36,1,0
BRDA:233,37,0,0
BRDA:233,37,1,0
BRDA:234,38,0,0
BRDA:234,38,1,0
BRDA:234,39,0,0
BRDA:234,39,1,0
BRDA:251,40,0,0
BRDA:251,40,1,0
BRDA:262,41,0,0
BRDA:262,41,1,0
BRDA:268,42,0,0
BRDA:268,42,1,0
BRDA:318,43,0,0
BRDA:318,43,1,0
BRDA:319,44,0,0
BRDA:319,44,1,0
BRDA:320,45,0,0
BRDA:320,45,1,0
BRDA:329,46,0,0
BRDA:329,46,1,0
BRDA:350,47,0,0
BRDA:350,47,1,0
BRDA:374,48,0,0
BRDA:374,48,1,0
BRDA:387,49,0,0
BRDA:387,49,1,0
BRDA:396,50,0,0
BRDA:396,50,1,0
BRF:111
BRH:0
end_of_record
TN:
SF:src\components\home\HomeTab.jsx
FN:13,HomeTab
FN:33,(anonymous_1)
FN:39,(anonymous_2)
FN:46,(anonymous_3)
FN:168,(anonymous_4)
FN:193,(anonymous_5)
FN:193,(anonymous_6)
FN:246,(anonymous_7)
FN:266,(anonymous_8)
FN:267,(anonymous_9)
FN:330,(anonymous_10)
FN:342,(anonymous_11)
FN:345,(anonymous_12)
FN:346,(anonymous_13)
FN:355,(anonymous_14)
FN:355,(anonymous_15)
FN:383,(anonymous_16)
FN:417,(anonymous_17)
FN:449,(anonymous_18)
FN:472,(anonymous_19)
FN:533,(anonymous_20)
FN:564,(anonymous_21)
FN:599,(anonymous_22)
FN:640,(anonymous_23)
FN:648,(anonymous_24)
FN:649,(anonymous_25)
FN:669,(anonymous_26)
FNF:27
FNH:0
FNDA:0,HomeTab
FNDA:0,(anonymous_1)
FNDA:0,(anonymous_2)
FNDA:0,(anonymous_3)
FNDA:0,(anonymous_4)
FNDA:0,(anonymous_5)
FNDA:0,(anonymous_6)
FNDA:0,(anonymous_7)
FNDA:0,(anonymous_8)
FNDA:0,(anonymous_9)
FNDA:0,(anonymous_10)
FNDA:0,(anonymous_11)
FNDA:0,(anonymous_12)
FNDA:0,(anonymous_13)
FNDA:0,(anonymous_14)
FNDA:0,(anonymous_15)
FNDA:0,(anonymous_16)
FNDA:0,(anonymous_17)
FNDA:0,(anonymous_18)
FNDA:0,(anonymous_19)
FNDA:0,(anonymous_20)
FNDA:0,(anonymous_21)
FNDA:0,(anonymous_22)
FNDA:0,(anonymous_23)
FNDA:0,(anonymous_24)
FNDA:0,(anonymous_25)
FNDA:0,(anonymous_26)
DA:5,0
DA:23,0
DA:24,0
DA:25,0
DA:26,0
DA:27,0
DA:28,0
DA:29,0
DA:30,0
DA:31,0
DA:33,0
DA:34,0
DA:35,0
DA:37,0
DA:39,0
DA:40,0
DA:41,0
DA:42,0
DA:43,0
DA:46,0
DA:47,0
DA:48,0
DA:49,0
DA:50,0
DA:51,0
DA:52,0
DA:53,0
DA:54,0
DA:56,0
DA:58,0
DA:59,0
DA:62,0
DA:63,0
DA:65,0
DA:169,0
DA:193,0
DA:246,0
DA:267,0
DA:268,0
DA:270,0
DA:331,0
DA:342,0
DA:345,0
DA:346,0
DA:355,0
DA:384,0
DA:418,0
DA:419,0
DA:420,0
DA:421,0
DA:422,0
DA:450,0
DA:451,0
DA:452,0
DA:453,0
DA:454,0
DA:456,0
DA:473,0
DA:474,0
DA:475,0
DA:476,0
DA:533,0
DA:564,0
DA:599,0
DA:640,0
DA:648,0
DA:649,0
DA:669,0
LF:68
LH:0
BRDA:33,0,0,0
BRDA:33,0,1,0
BRDA:41,1,0,0
BRDA:41,1,1,0
BRDA:42,2,0,0
BRDA:42,2,1,0
BRDA:53,3,0,0
BRDA:53,3,1,0
BRDA:53,4,0,0
BRDA:53,4,1,0
BRDA:56,5,0,0
BRDA:56,5,1,0
BRDA:56,6,0,0
BRDA:56,6,1,0
BRDA:58,7,0,0
BRDA:58,7,1,0
BRDA:63,8,0,0
BRDA:63,8,1,0
BRDA:120,9,0,0
BRDA:120,9,1,0
BRDA:187,10,0,0
BRDA:187,10,1,0
BRDA:190,11,0,0
BRDA:190,11,1,0
BRDA:193,12,0,0
BRDA:193,12,1,0
BRDA:224,13,0,0
BRDA:224,13,1,0
BRDA:226,14,0,0
BRDA:226,14,1,0
BRDA:246,15,0,0
BRDA:246,15,1,0
BRDA:246,16,0,0
BRDA:246,16,1,0
BRDA:258,17,0,0
BRDA:258,17,1,0
BRDA:260,18,0,0
BRDA:260,18,1,0
BRDA:261,19,0,0
BRDA:261,19,1,0
BRDA:267,20,0,0
BRDA:267,20,1,0
BRDA:267,21,0,0
BRDA:267,21,1,0
BRDA:268,22,0,0
BRDA:268,22,1,0
BRDA:268,23,0,0
BRDA:268,23,1,0
BRDA:268,24,0,0
BRDA:268,24,1,0
BRDA:272,25,0,0
BRDA:272,25,1,0
BRDA:273,26,0,0
BRDA:273,26,1,0
BRDA:279,27,0,0
BRDA:279,27,1,0
BRDA:282,28,0,0
BRDA:282,28,1,0
BRDA:285,29,0,0
BRDA:285,29,1,0
BRDA:286,30,0,0
BRDA:286,30,1,0
BRDA:289,31,0,0
BRDA:289,31,1,0
BRDA:289,32,0,0
BRDA:289,32,1,0
BRDA:292,33,0,0
BRDA:292,33,1,0
BRDA:292,33,2,0
BRDA:315,34,0,0
BRDA:315,34,1,0
BRDA:342,35,0,0
BRDA:342,35,1,0
BRDA:342,36,0,0
BRDA:342,36,1,0
BRDA:359,37,0,0
BRDA:359,37,1,0
BRDA:360,38,0,0
BRDA:360,38,1,0
BRDA:377,39,0,0
BRDA:377,39,1,0
BRDA:386,40,0,0
BRDA:386,40,1,0
BRDA:387,41,0,0
BRDA:387,41,1,0
BRDA:389,42,0,0
BRDA:389,42,1,0
BRDA:394,43,0,0
BRDA:394,43,1,0
BRDA:402,44,0,0
BRDA:402,44,1,0
BRDA:404,45,0,0
BRDA:404,45,1,0
BRDA:425,46,0,0
BRDA:425,46,1,0
BRDA:425,47,0,0
BRDA:425,47,1,0
BRDA:426,48,0,0
BRDA:426,48,1,0
BRDA:426,49,0,0
BRDA:426,49,1,0
BRDA:429,50,0,0
BRDA:429,50,1,0
BRDA:430,51,0,0
BRDA:430,51,1,0
BRDA:436,52,0,0
BRDA:436,52,1,0
BRDA:436,53,0,0
BRDA:436,53,1,0
BRDA:440,54,0,0
BRDA:440,54,1,0
BRDA:441,55,0,0
BRDA:441,55,1,0
BRDA:444,56,0,0
BRDA:444,56,1,0
BRDA:444,57,0,0
BRDA:444,57,1,0
BRDA:451,58,0,0
BRDA:451,58,1,0
BRDA:452,59,0,0
BRDA:452,59,1,0
BRDA:452,60,0,0
BRDA:452,60,1,0
BRDA:465,61,0,0
BRDA:465,61,1,0
BRDA:470,62,0,0
BRDA:470,62,1,0
BRDA:470,63,0,0
BRDA:470,63,1,0
BRDA:470,63,2,0
BRDA:476,64,0,0
BRDA:476,64,1,0
BRDA:483,65,0,0
BRDA:483,65,1,0
BRDA:486,66,0,0
BRDA:486,66,1,0
BRDA:489,67,0,0
BRDA:489,67,1,0
BRDA:640,68,0,0
BRDA:640,68,1,0
BRDA:641,69,0,0
BRDA:641,69,1,0
BRDA:649,70,0,0
BRDA:649,70,1,0
BRDA:650,71,0,0
BRDA:650,71,1,0
BRDA:654,72,0,0
BRDA:654,72,1,0
BRDA:657,73,0,0
BRDA:657,73,1,0
BRDA:669,74,0,0
BRDA:669,74,1,0
BRF:152
BRH:0
end_of_record
TN:
SF:src\components\home\PlacementTest.jsx
FN:3,PlacementTest
FN:11,(anonymous_1)
FN:15,(anonymous_2)
FN:15,(anonymous_3)
FN:23,(anonymous_4)
FN:24,(anonymous_5)
FN:25,(anonymous_6)
FNF:7
FNH:0
FNDA:0,PlacementTest
FNDA:0,(anonymous_1)
FNDA:0,(anonymous_2)
FNDA:0,(anonymous_3)
FNDA:0,(anonymous_4)
FNDA:0,(anonymous_5)
FNDA:0,(anonymous_6)
DA:4,0
DA:5,0
DA:12,0
DA:15,0
DA:24,0
DA:25,0
LF:6
LH:0
BRDA:4,0,0,0
BRDA:4,0,1,0
BRDA:14,1,0,0
BRDA:14,1,1,0
BRDA:14,2,0,0
BRDA:14,2,1,0
BRDA:14,3,0,0
BRDA:14,3,1,0
BRDA:15,4,0,0
BRDA:15,4,1,0
BRDA:15,5,0,0
BRDA:15,5,1,0
BRDA:19,6,0,0
BRDA:19,6,1,0
BRDA:24,7,0,0
BRDA:24,7,1,0
BRDA:25,8,0,0
BRDA:25,8,1,0
BRDA:25,9,0,0
BRDA:25,9,1,0
BRDA:27,10,0,0
BRDA:27,10,1,0
BRF:22
BRH:0
end_of_record
TN:
SF:src\components\home\WelcomeScreen.jsx
FN:19,WelcomeScreen
FN:24,startPlacement
FN:29,(anonymous_2)
FN:30,(anonymous_3)
FN:31,(anonymous_4)
FN:32,(anonymous_5)
FN:71,(anonymous_6)
FN:75,(anonymous_7)
FN:93,(anonymous_8)
FN:96,(anonymous_9)
FN:118,(anonymous_10)
FN:136,(anonymous_11)
FN:139,(anonymous_12)
FN:174,StepDots
FN:177,(anonymous_14)
FNF:15
FNH:0
FNDA:0,WelcomeScreen
FNDA:0,startPlacement
FNDA:0,(anonymous_2)
FNDA:0,(anonymous_3)
FNDA:0,(anonymous_4)
FNDA:0,(anonymous_5)
FNDA:0,(anonymous_6)
FNDA:0,(anonymous_7)
FNDA:0,(anonymous_8)
FNDA:0,(anonymous_9)
FNDA:0,(anonymous_10)
FNDA:0,(anonymous_11)
FNDA:0,(anonymous_12)
FNDA:0,StepDots
FNDA:0,(anonymous_14)
DA:5,0
DA:12,0
DA:20,0
DA:21,0
DA:22,0
DA:25,0
DA:27,0
DA:28,0
DA:29,0
DA:30,0
DA:31,0
DA:32,0
DA:33,0
DA:34,0
DA:35,0
DA:37,0
DA:38,0
DA:42,0
DA:71,0
DA:75,0
DA:84,0
DA:94,0
DA:96,0
DA:118,0
DA:127,0
DA:137,0
DA:139,0
DA:171,0
DA:175,0
DA:178,0
LF:30
LH:0
BRDA:25,0,0,0
BRDA:25,0,1,0
BRDA:25,1,0,0
BRDA:25,1,1,0
BRDA:27,2,0,0
BRDA:27,2,1,0
BRDA:28,3,0,0
BRDA:28,3,1,0
BRDA:42,4,0,0
BRDA:42,4,1,0
BRDA:54,5,0,0
BRDA:54,5,1,0
BRDA:54,5,2,0
BRDA:57,6,0,0
BRDA:57,6,1,0
BRDA:74,7,0,0
BRDA:74,7,1,0
BRDA:84,8,0,0
BRDA:84,8,1,0
BRDA:99,9,0,0
BRDA:99,9,1,0
BRDA:100,10,0,0
BRDA:100,10,1,0
BRDA:110,11,0,0
BRDA:110,11,1,0
BRDA:116,12,0,0
BRDA:116,12,1,0
BRDA:127,13,0,0
BRDA:127,13,1,0
BRDA:142,14,0,0
BRDA:142,14,1,0
BRDA:143,15,0,0
BRDA:143,15,1,0
BRDA:148,16,0,0
BRDA:148,16,1,0
BRDA:152,17,0,0
BRDA:152,17,1,0
BRDA:158,18,0,0
BRDA:158,18,1,0
BRDA:179,19,0,0
BRDA:179,19,1,0
BRDA:180,20,0,0
BRDA:180,20,1,0
BRF:43
BRH:0
end_of_record
TN:
SF:src\components\learn\AlphabetScreen.jsx
FN:4,AlphabetScreen
FN:10,(anonymous_1)
FN:11,(anonymous_2)
FNF:3
FNH:0
FNDA:0,AlphabetScreen
FNDA:0,(anonymous_1)
FNDA:0,(anonymous_2)
DA:5,0
DA:11,0
LF:2
LH:0
BRF:0
BRH:0
end_of_record
TN:
SF:src\components\learn\GrammarRef.jsx
FN:5,AspectScreen
FN:10,(anonymous_1)
FN:13,(anonymous_2)
FN:14,(anonymous_3)
FN:23,FalseFriendsScreen
FN:28,(anonymous_5)
FN:29,(anonymous_6)
FN:42,DeclensionScreen
FN:50,(anonymous_8)
FN:51,(anonymous_9)
FN:58,(anonymous_10)
FN:59,(anonymous_11)
FN:59,(anonymous_12)
FN:70,BrzaliceScreen
FN:75,(anonymous_14)
FN:77,(anonymous_15)
FN:86,DialectsScreen
FN:91,(anonymous_17)
FN:101,(anonymous_18)
FN:104,(anonymous_19)
FN:118,DiminutivesScreen
FN:123,(anonymous_21)
FN:124,(anonymous_22)
FN:137,WordFormScreen
FN:142,(anonymous_24)
FN:146,(anonymous_25)
FN:147,(anonymous_26)
FN:158,ColorQuirkScreen
FN:163,(anonymous_28)
FN:164,(anonymous_29)
FN:174,SvojMojScreen
FN:177,handleQuiz
FN:179,(anonymous_32)
FN:199,(anonymous_33)
FN:206,(anonymous_34)
FN:221,(anonymous_35)
FN:227,(anonymous_36)
FN:242,(anonymous_37)
FN:253,(anonymous_38)
FN:256,(anonymous_39)
FN:264,(anonymous_40)
FNF:41
FNH:0
FNDA:0,AspectScreen
FNDA:0,(anonymous_1)
FNDA:0,(anonymous_2)
FNDA:0,(anonymous_3)
FNDA:0,FalseFriendsScreen
FNDA:0,(anonymous_5)
FNDA:0,(anonymous_6)
FNDA:0,DeclensionScreen
FNDA:0,(anonymous_8)
FNDA:0,(anonymous_9)
FNDA:0,(anonymous_10)
FNDA:0,(anonymous_11)
FNDA:0,(anonymous_12)
FNDA:0,BrzaliceScreen
FNDA:0,(anonymous_14)
FNDA:0,(anonymous_15)
FNDA:0,DialectsScreen
FNDA:0,(anonymous_17)
FNDA:0,(anonymous_18)
FNDA:0,(anonymous_19)
FNDA:0,DiminutivesScreen
FNDA:0,(anonymous_21)
FNDA:0,(anonymous_22)
FNDA:0,WordFormScreen
FNDA:0,(anonymous_24)
FNDA:0,(anonymous_25)
FNDA:0,(anonymous_26)
FNDA:0,ColorQuirkScreen
FNDA:0,(anonymous_28)
FNDA:0,(anonymous_29)
FNDA:0,SvojMojScreen
FNDA:0,handleQuiz
FNDA:0,(anonymous_32)
FNDA:0,(anonymous_33)
FNDA:0,(anonymous_34)
FNDA:0,(anonymous_35)
FNDA:0,(anonymous_36)
FNDA:0,(anonymous_37)
FNDA:0,(anonymous_38)
FNDA:0,(anonymous_39)
FNDA:0,(anonymous_40)
DA:6,0
DA:10,0
DA:13,0
DA:14,0
DA:24,0
DA:28,0
DA:29,0
DA:43,0
DA:44,0
DA:45,0
DA:50,0
DA:51,0
DA:58,0
DA:59,0
DA:71,0
DA:75,0
DA:77,0
DA:87,0
DA:91,0
DA:101,0
DA:104,0
DA:119,0
DA:123,0
DA:124,0
DA:138,0
DA:142,0
DA:146,0
DA:147,0
DA:159,0
DA:163,0
DA:164,0
DA:175,0
DA:178,0
DA:179,0
DA:180,0
DA:183,0
DA:199,0
DA:206,0
DA:221,0
DA:227,0
DA:242,0
DA:253,0
DA:257,0
DA:258,0
DA:259,0
DA:260,0
DA:261,0
DA:263,0
DA:264,0
LF:49
LH:0
BRDA:35,0,0,0
BRDA:35,0,1,0
BRDA:51,1,0,0
BRDA:51,1,1,0
BRDA:59,2,0,0
BRDA:59,2,1,0
BRDA:59,3,0,0
BRDA:59,3,1,0
BRDA:178,4,0,0
BRDA:178,4,1,0
BRDA:180,5,0,0
BRDA:180,5,1,0
BRDA:180,6,0,0
BRDA:180,6,1,0
BRDA:228,7,0,0
BRDA:228,7,1,0
BRDA:259,8,0,0
BRDA:259,8,1,0
BRDA:260,9,0,0
BRDA:260,9,1,0
BRDA:260,10,0,0
BRDA:260,10,1,0
BRDA:270,11,0,0
BRDA:270,11,1,0
BRDA:272,12,0,0
BRDA:272,12,1,0
BRF:26
BRH:0
end_of_record
TN:
SF:src\components\learn\GrammarScreen.jsx
FN:4,GrammarScreen
FN:18,(anonymous_1)
FN:19,(anonymous_2)
FN:24,(anonymous_3)
FN:30,(anonymous_4)
FN:32,(anonymous_5)
FN:32,(anonymous_6)
FN:36,(anonymous_7)
FN:37,(anonymous_8)
FN:38,(anonymous_9)
FNF:10
FNH:0
FNDA:0,GrammarScreen
FNDA:0,(anonymous_1)
FNDA:0,(anonymous_2)
FNDA:0,(anonymous_3)
FNDA:0,(anonymous_4)
FNDA:0,(anonymous_5)
FNDA:0,(anonymous_6)
FNDA:0,(anonymous_7)
FNDA:0,(anonymous_8)
FNDA:0,(anonymous_9)
DA:9,0
DA:10,0
DA:19,0
DA:24,0
DA:31,0
DA:32,0
DA:37,0
DA:38,0
LF:8
LH:0
BRDA:9,0,0,0
BRDA:9,0,1,0
BRDA:13,1,0,0
BRDA:13,1,1,0
BRDA:26,2,0,0
BRDA:26,2,1,0
BRDA:26,2,2,0
BRDA:31,3,0,0
BRDA:31,3,1,0
BRDA:31,4,0,0
BRDA:31,4,1,0
BRDA:31,5,0,0
BRDA:31,5,1,0
BRDA:32,6,0,0
BRDA:32,6,1,0
BRDA:32,7,0,0
BRDA:32,7,1,0
BRDA:36,8,0,0
BRDA:36,8,1,0
BRDA:37,9,0,0
BRDA:37,9,1,0
BRDA:39,10,0,0
BRDA:39,10,1,0
BRDA:42,11,0,0
BRDA:42,11,1,0
BRF:25
BRH:0
end_of_record
TN:
SF:src\components\learn\LearnTab.jsx
FN:4,LevelBadge
FN:13,Section
[...]
DA:10,0
DA:14,0
DA:15,0
DA:17,0
DA:18,0
DA:20,0
DA:48,0
DA:49,0
LF:8
LH:0
BRDA:8,0,0,0
BRDA:8,1,0,0
BRDA:8,2,0,0
BRDA:55,3,0,0
BRDA:55,3,1,0
BRF:5
BRH:0
end_of_record
TN:
SF:src\components\shared\OfflineBanner.jsx
FN:3,OfflineBanner
FNF:1
FNH:0
FNDA:0,OfflineBanner
DA:4,0
DA:5,0
DA:7,0
LF:3
LH:0
BRDA:5,0,0,0
BRDA:5,0,1,0
BRF:2
BRH:0
end_of_record
TN:
SF:src\components\shared\OnboardingTour.jsx
FN:26,OnboardingTour
FN:31,finish
FN:55,(anonymous_2)
FN:75,(anonymous_3)
FN:75,(anonymous_4)
FN:86,(anonymous_5)
FN:86,(anonymous_6)
FNF:7
FNH:0
FNDA:0,OnboardingTour
FNDA:0,finish
FNDA:0,(anonymous_2)
FNDA:0,(anonymous_3)
FNDA:0,(anonymous_4)
FNDA:0,(anonymous_5)
FNDA:0,(anonymous_6)
DA:3,0
DA:27,0
DA:28,0
DA:29,0
DA:32,0
DA:33,0
DA:36,0
DA:56,0
DA:75,0
DA:86,0
LF:10
LH:0
BRDA:57,0,0,0
BRDA:57,0,1,0
BRDA:58,1,0,0
BRDA:58,1,1,0
BRDA:73,2,0,0
BRDA:73,2,1,0
BRDA:86,3,0,0
BRDA:86,3,1,0
BRDA:95,4,0,0
BRDA:95,4,1,0
BRF:10
BRH:0
end_of_record
TN:
SF:src\components\shared\PrivacyScreen.jsx
FN:4,PrivacyScreen
FNF:1
FNH:0
FNDA:0,PrivacyScreen
DA:5,0
LF:1
LH:0
BRF:0
BRH:0
end_of_record
TN:
SF:src\components\shared\ScreenErrorBoundary.jsx
FN:9,(anonymous_0)
FN:14,(anonymous_1)
FN:18,(anonymous_2)
FN:22,(anonymous_3)
FN:46,(anonymous_4)
FNF:5
FNH:0
FNDA:0,(anonymous_0)
FNDA:0,(anonymous_1)
FNDA:0,(anonymous_2)
FNDA:0,(anonymous_3)
FNDA:0,(anonymous_4)
DA:10,0
DA:11,0
DA:15,0
DA:19,0
DA:23,0
DA:24,0
DA:46,0
DA:53,0
LF:8
LH:0
BRDA:19,0,0,0
BRDA:19,0,1,0
BRDA:23,1,0,0
BRDA:23,1,1,0
BRF:4
BRH:0
end_of_record
TN:
SF:src\components\shared\Sidebar.jsx
FN:20,getWeeklyGoal
FN:21,saveWeeklyGoal
FN:23,getWeeklyXP
FN:39,Sidebar
FN:57,handleGoalPick
FN:106,(anonymous_5)
FN:119,(anonymous_6)
FN:119,(anonymous_7)
FN:125,(anonymous_8)
FN:126,(anonymous_9)
FN:153,(anonymous_10)
FN:153,(anonymous_11)
FN:162,(anonymous_12)
FN:164,(anonymous_13)
FN:177,(anonymous_14)
FN:177,(anonymous_15)
FNF:16
FNH:0
FNDA:0,getWeeklyGoal
FNDA:0,saveWeeklyGoal
FNDA:0,getWeeklyXP
FNDA:0,Sidebar
FNDA:0,handleGoalPick
FNDA:0,(anonymous_5)
FNDA:0,(anonymous_6)
FNDA:0,(anonymous_7)
FNDA:0,(anonymous_8)
FNDA:0,(anonymous_9)
FNDA:0,(anonymous_10)
FNDA:0,(anonymous_11)
FNDA:0,(anonymous_12)
FNDA:0,(anonymous_13)
FNDA:0,(anonymous_14)
FNDA:0,(anonymous_15)
DA:5,0
DA:13,0
DA:20,0
DA:21,0
DA:24,0
DA:25,0
DA:26,0
DA:27,0
DA:28,0
DA:29,0
DA:30,0
DA:31,0
DA:32,0
DA:33,0
DA:35,0
DA:36,0
DA:40,0
DA:41,0
DA:43,0
DA:44,0
DA:45,0
DA:46,0
DA:47,0
DA:48,0
DA:49,0
DA:51,0
DA:52,0
DA:55,0
DA:58,0
DA:59,0
DA:60,0
DA:63,0
DA:65,0
DA:107,0
DA:119,0
DA:126,0
DA:153,0
DA:163,0
DA:164,0
DA:177,0
LF:40
LH:0
BRDA:20,0,0,0
BRDA:20,0,1,0
BRDA:27,1,0,0
BRDA:27,1,1,0
BRDA:30,2,0,0
BRDA:30,2,1,0
BRDA:31,3,0,0
BRDA:31,3,1,0
BRDA:49,4,0,0
BRDA:49,4,1,0
BRDA:51,5,0,0
BRDA:51,5,1,0
BRDA:87,6,0,0
BRDA:87,6,1,0
BRDA:120,7,0,0
BRDA:120,7,1,0
BRDA:123,8,0,0
BRDA:123,8,1,0
BRDA:127,9,0,0
BRDA:127,9,1,0
BRDA:127,10,0,0
BRDA:127,10,1,0
BRDA:133,11,0,0
BRDA:133,11,1,0
BRDA:137,12,0,0
BRDA:137,12,1,0
BRDA:140,13,0,0
BRDA:140,13,1,0
BRDA:142,14,0,0
BRDA:142,14,1,0
BRDA:153,15,0,0
BRDA:153,15,1,0
BRDA:163,16,0,0
BRDA:163,16,1,0
BRDA:165,17,0,0
BRDA:165,17,1,0
BRDA:168,18,0,0
BRDA:168,18,1,0
BRDA:168,18,2,0
BRDA:179,19,0,0
BRDA:179,19,1,0
BRDA:180,20,0,0
BRDA:180,20,1,0
BRF:43
BRH:0
end_of_record
TN:
SF:src\components\shared\StreakMilestoneModal.jsx
FN:12,StreakMilestoneModal
FN:16,(anonymous_1)
FN:21,(anonymous_2)
FN:28,(anonymous_3)
FN:38,(anonymous_4)
FNF:5
FNH:0
FNDA:0,StreakMilestoneModal
FNDA:0,(anonymous_1)
FNDA:0,(anonymous_2)
FNDA:0,(anonymous_3)
FNDA:0,(anonymous_4)
DA:4,0
DA:13,0
DA:14,0
DA:16,0
DA:17,0
DA:18,0
DA:19,0
DA:20,0
DA:21,0
DA:22,0
DA:23,0
DA:24,0
DA:26,0
DA:27,0
DA:28,0
DA:31,0
DA:38,0
LF:17
LH:0
BRDA:13,0,0,0
BRDA:13,0,1,0
BRDA:17,1,0,0
BRDA:17,1,1,0
BRDA:24,2,0,0
BRDA:24,2,1,0
BRF:6
BRH:0
end_of_record
TN:
SF:src\components\shared\TabBar.jsx
FN:11,TabBar
FN:16,(anonymous_1)
FN:17,(anonymous_2)
FN:55,(anonymous_3)
FN:60,(anonymous_4)
FN:62,(anonymous_5)
FNF:6
FNH:0
FNDA:0,TabBar
FNDA:0,(anonymous_1)
FNDA:0,(anonymous_2)
FNDA:0,(anonymous_3)
FNDA:0,(anonymous_4)
FNDA:0,(anonymous_5)
DA:3,0
DA:12,0
DA:13,0
DA:14,0
DA:16,0
DA:17,0
DA:18,0
DA:19,0
DA:20,0
DA:21,0
DA:22,0
DA:23,0
DA:29,0
DA:56,0
DA:57,0
DA:60,0
DA:62,0
LF:17
LH:0
BRDA:20,0,0,0
BRDA:20,0,1,0
BRDA:20,1,0,0
BRDA:20,1,1,0
BRDA:61,2,0,0
BRDA:61,2,1,0
BRDA:63,3,0,0
BRDA:63,3,1,0
BRDA:81,4,0,0
BRDA:81,4,1,0
BRDA:82,5,0,0
BRDA:82,5,1,0
BRDA:91,6,0,0
BRDA:91,6,1,0
BRDA:92,7,0,0
BRDA:92,7,1,0
BRDA:96,8,0,0
BRDA:96,8,1,0
BRDA:101,9,0,0
BRDA:101,9,1,0
BRDA:101,9,2,0
BRF:21
BRH:0
end_of_record
TN:
SF:src\components\shared\XPPopup.jsx
FN:3,XPPopup
FN:87,(anonymous_1)
FNF:2
FNH:2
FNDA:7,XPPopup
FNDA:20,(anonymous_1)
DA:4,7
DA:6,7
DA:8,6
DA:9,1
DA:40,5
DA:88,20
LF:6
LH:6
BRDA:6,0,0,1
BRDA:6,0,1,6
BRDA:8,1,0,1
BRDA:8,1,1,5
BRF:4
BRH:4
end_of_record
TN:
SF:src\context\AppContext.jsx
FN:25,useApp
FNF:1
FNH:0
FNDA:0,useApp
DA:12,0
DA:26,0
DA:27,0
DA:28,0
LF:4
LH:0
BRDA:27,0,0,0
BRDA:27,0,1,0
BRF:2
BRH:0
end_of_record
TN:
SF:src\hooks\useAuth.js
FN:30,useAuth
FN:46,setAuthScreen
FN:62,(anonymous_2)
FN:84,(anonymous_3)
FN:131,(anonymous_4)
FN:134,fireSyncReady
FN:140,(anonymous_6)
FN:150,(anonymous_7)
FN:180,(anonymous_8)
FN:197,doReg
FN:224,doLog
FN:245,doReset
FN:256,(anonymous_12)
FN:261,doOut
FNF:14
FNH:0
FNDA:0,useAuth
FNDA:0,setAuthScreen
FNDA:0,(anonymous_2)
FNDA:0,(anonymous_3)
FNDA:0,(anonymous_4)
FNDA:0,fireSyncReady
FNDA:0,(anonymous_6)
FNDA:0,(anonymous_7)
FNDA:0,(anonymous_8)
FNDA:0,doReg
FNDA:0,doLog
FNDA:0,doReset
FNDA:0,(anonymous_12)
FNDA:0,doOut
DA:32,0
DA:33,0
DA:36,0
DA:41,0
DA:44,0
DA:46,0
DA:47,0
DA:48,0
DA:49,0
DA:50,0
DA:51,0
DA:52,0
DA:55,0
DA:58,0
DA:59,0
DA:62,0
DA:63,0
DA:68,0
DA:69,0
DA:70,0
DA:71,0
DA:72,0
DA:73,0
DA:74,0
DA:75,0
DA:76,0
DA:77,0
DA:78,0
DA:79,0
DA:80,0
DA:84,0
DA:85,0
DA:87,0
DA:88,0
DA:89,0
DA:90,0
DA:93,0
DA:94,0
DA:95,0
DA:96,0
DA:97,0
DA:102,0
DA:104,0
DA:105,0
DA:106,0
DA:109,0
DA:110,0
DA:111,0
DA:112,0
DA:113,0
DA:121,0
DA:123,0
DA:126,0
DA:127,0
DA:128,0
DA:131,0
DA:133,0
DA:135,0
DA:140,0
DA:141,0
DA:142,0
DA:143,0
DA:144,0
DA:146,0
DA:147,0
DA:150,0
DA:151,0
DA:153,0
DA:154,0
DA:155,0
DA:156,0
DA:157,0
DA:158,0
DA:159,0
DA:161,0
DA:162,0
DA:163,0
DA:164,0
DA:172,0
DA:173,0
DA:174,0
DA:175,0
DA:177,0
DA:179,0
DA:181,0
DA:183,0
DA:184,0
DA:185,0
DA:186,0
DA:188,0
DA:189,0
DA:193,0
DA:198,0
DA:199,0
DA:200,0
DA:201,0
DA:202,0
DA:203,0
DA:204,0
DA:205,0
DA:206,0
DA:207,0
DA:208,0
DA:209,0
DA:210,0
DA:211,0
DA:212,0
DA:215,0
DA:217,0
DA:218,0
DA:220,0
DA:225,0
DA:226,0
DA:227,0
DA:228,0
DA:229,0
DA:230,0
DA:231,0
DA:232,0
DA:234,0
DA:236,0
DA:239,0
DA:241,0
DA:246,0
DA:247,0
DA:248,0
DA:249,0
DA:250,0
DA:254,0
DA:255,0
DA:256,0
DA:257,0
DA:262,0
DA:263,0
DA:266,0
LF:135
LH:0
BRDA:70,0,0,0
BRDA:70,0,1,0
BRDA:70,1,0,0
BRDA:70,1,1,0
BRDA:72,2,0,0
BRDA:72,2,1,0
BRDA:74,3,0,0
BRDA:74,3,1,0
BRDA:78,4,0,0
BRDA:78,4,1,0
BRDA:85,5,0,0
BRDA:85,5,1,0
BRDA:93,6,0,0
BRDA:93,6,1,0
BRDA:94,7,0,0
BRDA:94,7,1,0
BRDA:109,8,0,0
BRDA:109,8,1,0
BRDA:123,9,0,0
BRDA:123,9,1,0
BRDA:123,10,0,0
BRDA:123,10,1,0
BRDA:131,11,0,0
BRDA:131,11,1,0
BRDA:135,12,0,0
BRDA:135,12,1,0
BRDA:141,13,0,0
BRDA:141,13,1,0
BRDA:141,13,2,0
BRDA:142,14,0,0
BRDA:142,14,1,0
BRDA:153,15,0,0
BRDA:153,15,1,0
BRDA:155,16,0,0
BRDA:155,16,1,0
BRDA:155,16,2,0
BRDA:156,17,0,0
BRDA:156,17,1,0
BRDA:156,17,2,0
BRDA:157,18,0,0
BRDA:157,18,1,0
BRDA:157,18,2,0
BRDA:158,19,0,0
BRDA:158,19,1,0
BRDA:158,19,2,0
BRDA:158,19,3,0
BRDA:159,20,0,0
BRDA:159,20,1,0
BRDA:159,20,2,0
BRDA:159,20,3,0
BRDA:161,21,0,0
BRDA:161,21,1,0
BRDA:172,22,0,0
BRDA:172,22,1,0
BRDA:172,22,2,0
BRDA:173,23,0,0
BRDA:173,23,1,0
BRDA:175,24,0,0
BRDA:175,24,1,0
BRDA:183,25,0,0
BRDA:183,25,1,0
BRDA:183,25,2,0
BRDA:184,26,0,0
BRDA:184,26,1,0
BRDA:199,27,0,0
BRDA:199,27,1,0
BRDA:199,28,0,0
BRDA:199,28,1,0
BRDA:200,29,0,0
BRDA:200,29,1,0
BRDA:200,30,0,0
BRDA:200,30,1,0
BRDA:201,31,0,0
BRDA:201,31,1,0
BRDA:202,32,0,0
BRDA:202,32,1,0
BRDA:208,33,0,0
BRDA:208,33,1,0
BRDA:210,34,0,0
BRDA:210,34,1,0
BRDA:226,35,0,0
BRDA:226,35,1,0
BRDA:226,36,0,0
BRDA:226,36,1,0
BRDA:227,37,0,0
BRDA:227,37,1,0
BRDA:232,38,0,0
BRDA:232,38,1,0
BRDA:236,39,0,0
BRDA:236,39,1,0
BRDA:247,40,0,0
BRDA:247,40,1,0
BRDA:247,41,0,0
BRDA:247,41,1,0
BRF:94
BRH:0
end_of_record
TN:
SF:src\hooks\useDaily.js
FN:8,todayKey
FN:15,loadDailyAnswered
FN:25,loadDailySelected
FN:37,useDaily
FNF:4
FNH:4
FNDA:10,todayKey
FNDA:5,loadDailyAnswered
FNDA:5,loadDailySelected
FNDA:8,useDaily
DA:9,10
DA:10,10
DA:16,5
DA:17,5
DA:18,5
DA:19,0
DA:22,5
DA:26,5
DA:27,5
DA:28,5
DA:29,0
DA:30,0
DA:31,0
DA:34,5
DA:38,8
DA:39,8
DA:40,8
LF:17
LH:13
BRDA:18,0,0,0
BRDA:18,0,1,5
BRDA:19,1,0,0
BRDA:19,1,1,0
BRDA:28,2,0,0
BRDA:28,2,1,5
BRDA:31,3,0,0
BRDA:31,3,1,0
BRDA:31,4,0,0
BRDA:31,4,1,0
BRDA:31,4,2,0
BRF:11
BRH:2
end_of_record
TN:
SF:src\hooks\useFamily.js
FN:7,useFamily
FNF:1
FNH:1
FNDA:9,useFamily
DA:8,9
DA:9,9
DA:10,9
DA:11,9
DA:12,9
DA:13,9
DA:14,9
DA:16,9
LF:8
LH:8
BRF:0
BRH:0
end_of_record
TN:
SF:src\hooks\useHaptic.js
FN:4,useHaptic
FN:5,buzz
FN:11,(anonymous_2)
FN:12,(anonymous_3)
FN:13,(anonymous_4)
FN:14,(anonymous_5)
FNF:6
FNH:0
FNDA:0,useHaptic
FNDA:0,buzz
FNDA:0,(anonymous_2)
FNDA:0,(anonymous_3)
FNDA:0,(anonymous_4)
FNDA:0,(anonymous_5)
DA:6,0
DA:7,0
DA:10,0
DA:11,0
DA:12,0
DA:13,0
DA:14,0
LF:7
LH:0
BRDA:6,0,0,0
BRDA:6,0,1,0
BRF:2
BRH:0
end_of_record
TN:
SF:src\hooks\useJournal.js
FN:7,useJournal
FN:8,(anonymous_1)
FNF:2
FNH:2
FNDA:6,useJournal
FNDA:5,(anonymous_1)
DA:8,6
DA:9,5
DA:10,1
DA:12,6
DA:13,6
DA:15,6
LF:6
LH:6
BRDA:9,0,0,5
BRDA:9,0,1,3
BRF:2
BRH:2
end_of_record
TN:
SF:src\hooks\useNotifications.js
FN:26,markPracticed
FN:30,checkNameDay
FN:36,(anonymous_2)
FN:48,useNotifications
FN:49,(anonymous_4)
FN:67,(anonymous_5)
FN:74,(anonymous_6)
FN:79,showReminder
FNF:8
FNH:0
FNDA:0,markPracticed
FNDA:0,checkNameDay
FNDA:0,(anonymous_2)
FNDA:0,useNotifications
FNDA:0,(anonymous_4)
FNDA:0,(anonymous_5)
FNDA:0,(anonymous_6)
FNDA:0,showReminder
DA:8,0
DA:23,0
DA:24,0
DA:27,0
DA:31,0
DA:32,0
DA:33,0
DA:34,0
DA:35,0
DA:36,0
DA:37,0
DA:38,0
DA:39,0
DA:40,0
DA:41,0
DA:49,0
DA:50,0
DA:52,0
DA:53,0
DA:54,0
DA:56,0
DA:57,0
DA:60,0
DA:62,0
DA:63,0
DA:64,0
DA:65,0
DA:67,0
DA:68,0
DA:69,0
DA:70,0
DA:71,0
DA:74,0
DA:80,0
DA:85,0
DA:86,0
DA:87,0
LF:37
LH:0
BRDA:31,0,0,0
BRDA:31,0,1,0
BRDA:31,1,0,0
BRDA:31,1,1,0
BRDA:31,1,2,0
BRDA:34,2,0,0
BRDA:34,2,1,0
BRDA:36,3,0,0
BRDA:36,3,1,0
BRDA:38,4,0,0
BRDA:38,4,1,0
BRDA:50,5,0,0
BRDA:50,5,1,0
BRDA:54,6,0,0
BRDA:54,6,1,0
BRDA:56,7,0,0
BRDA:56,7,1,0
BRDA:60,8,0,0
BRDA:60,8,1,0
BRDA:60,9,0,0
BRDA:60,9,1,0
BRDA:62,10,0,0
BRDA:62,10,1,0
BRDA:65,11,0,0
BRDA:65,11,1,0
BRDA:69,12,0,0
BRDA:69,12,1,0
BRF:27
BRH:0
end_of_record
TN:
SF:src\hooks\useOnlineStatus.js
FN:3,useOnlineStatus
FN:4,(anonymous_1)
FN:6,(anonymous_2)
FN:7,update
FN:10,(anonymous_4)
FNF:5
FNH:0
FNDA:0,useOnlineStatus
FNDA:0,(anonymous_1)
FNDA:0,(anonymous_2)
FNDA:0,update
FNDA:0,(anonymous_4)
DA:4,0
DA:6,0
DA:7,0
DA:8,0
DA:9,0
DA:10,0
DA:11,0
DA:12,0
DA:16,0
LF:9
LH:0
BRF:0
BRH:0
end_of_record
TN:
SF:src\hooks\usePreferences.js
FN:10,usePreferences
FN:12,(anonymous_1)
FN:15,(anonymous_2)
FN:20,toggleFav
FN:22,(anonymous_4)
FN:24,(anonymous_5)
FN:30,isFav
FN:31,(anonymous_7)
FNF:8
FNH:8
FNDA:14,usePreferences
FNDA:8,(anonymous_1)
FNDA:8,(anonymous_2)
FNDA:5,toggleFav
FNDA:1,(anonymous_4)
FNDA:1,(anonymous_5)
FNDA:2,isFav
FNDA:1,(anonymous_7)
DA:11,14
DA:12,8
DA:15,14
DA:16,8
DA:17,0
DA:21,5
DA:22,5
DA:23,5
DA:24,1
DA:26,5
DA:27,5
DA:31,2
DA:34,14
LF:13
LH:12
BRDA:16,0,0,8
BRDA:16,0,1,8
BRDA:21,1,0,5
BRDA:21,1,1,0
BRDA:22,2,0,1
BRDA:22,2,1,0
BRDA:23,3,0,1
BRDA:23,3,1,4
BRDA:24,4,0,1
BRDA:24,4,1,0
BRDA:25,5,0,4
BRDA:25,5,1,4
BRDA:31,6,0,1
BRDA:31,6,1,0
BRF:14
BRH:10
end_of_record
TN:
SF:src\hooks\useSearch.js
FN:10,useSearch
FN:15,doSearch
FN:21,(anonymous_2)
FNF:3
FNH:3
FNDA:9,useSearch
FNDA:3,doSearch
FNDA:2676,(anonymous_2)
DA:11,9
DA:12,9
DA:13,9
DA:16,3
DA:17,2
DA:18,2
DA:19,2
DA:22,2676
DA:29,9
LF:9
LH:9
BRDA:16,0,0,1
BRDA:16,0,1,2
BRDA:22,1,0,2676
BRDA:22,1,1,2676
BRDA:22,1,2,1799
BRDA:22,1,3,1799
BRF:6
BRH:6
end_of_record
TN:
SF:src\hooks\useTranslator.js
FN:7,useTranslator
FN:13,doTr
FNF:2
FNH:2
FNDA:6,useTranslator
FNDA:1,doTr
DA:8,6
DA:9,6
DA:10,6
DA:11,6
DA:14,1
DA:15,1
DA:16,0
DA:17,0
DA:18,1
DA:19,1
DA:22,0
DA:23,0
DA:24,0
DA:25,0
DA:26,0
DA:28,0
DA:30,0
DA:31,0
DA:34,6
LF:19
LH:9
BRDA:15,0,0,1
BRDA:15,0,1,0
BRDA:17,1,0,0
BRDA:17,1,1,0
BRDA:23,2,0,0
BRDA:23,2,1,0
BRDA:23,3,0,0
BRDA:23,3,1,0
BRDA:25,4,0,0
BRDA:25,4,1,0
BRDA:25,5,0,0
BRDA:25,5,1,0
BRDA:25,6,0,0
BRDA:25,6,1,0
BRF:14
BRH:1
end_of_record
TN:
SF:src\lib\audio.js
FN:8,uA
FN:9,(anonymous_1)
FN:9,h
FN:10,loadVoices
FN:12,getBestVoice
FN:12,(anonymous_5)
FN:12,(anonymous_6)
FN:12,(anonymous_7)
FN:12,(anonymous_8)
FN:13,stopAudio
FN:14,speakAzure
FN:19,(anonymous_11)
FN:25,speakSynth
FN:35,prepTTS
FN:39,speak
FN:42,(anonymous_15)
FN:42,(anonymous_16)
FN:44,speakSlow
FN:47,(anonymous_18)
FN:47,(anonymous_19)
FN:49,speakEN
FNF:21
FNH:3
FNDA:3,uA
FNDA:10,(anonymous_1)
FNDA:3,h
FNDA:0,loadVoices
FNDA:0,getBestVoice
FNDA:0,(anonymous_5)
FNDA:0,(anonymous_6)
FNDA:0,(anonymous_7)
FNDA:0,(anonymous_8)
FNDA:0,stopAudio
FNDA:0,speakAzure
FNDA:0,(anonymous_11)
FNDA:0,speakSynth
FNDA:0,prepTTS
FNDA:0,speak
FNDA:0,(anonymous_15)
FNDA:0,(anonymous_16)
FNDA:0,speakSlow
FNDA:0,(anonymous_18)
FNDA:0,(anonymous_19)
FNDA:0,speakEN
DA:6,5
DA:7,5
DA:8,3
DA:9,10
DA:10,0
DA:11,5
DA:12,0
DA:13,0
DA:15,0
DA:16,0
DA:17,0
DA:18,0
DA:19,0
DA:20,0
DA:21,0
DA:22,0
DA:23,0
DA:26,0
DA:27,0
DA:28,0
DA:29,0
DA:30,0
DA:36,0
DA:37,0
DA:40,0
DA:41,0
DA:42,0
DA:45,0
DA:46,0
DA:47,0
DA:49,0
LF:31
LH:5
BRDA:7,0,0,5
BRDA:7,0,1,5
BRDA:7,0,2,0
BRDA:8,1,0,0
BRDA:8,1,1,3
BRDA:8,2,0,3
BRDA:8,2,1,3
BRDA:10,3,0,0
BRDA:10,3,1,0
BRDA:11,4,0,0
BRDA:11,4,1,5
BRDA:12,5,0,0
BRDA:12,5,1,0
BRDA:12,6,0,0
BRDA:12,6,1,0
BRDA:12,7,0,0
BRDA:12,7,1,0
BRDA:12,8,0,0
BRDA:12,8,1,0
BRDA:12,9,0,0
BRDA:12,9,1,0
BRDA:13,10,0,0
BRDA:13,10,1,0
BRDA:13,11,0,0
BRDA:13,11,1,0
BRDA:19,12,0,0
BRDA:19,12,1,0
BRDA:26,13,0,0
BRDA:26,13,1,0
BRDA:29,14,0,0
BRDA:29,14,1,0
BRDA:36,15,0,0
BRDA:36,15,1,0
BRDA:40,16,0,0
BRDA:40,16,1,0
BRDA:42,17,0,0
BRDA:42,17,1,0
BRDA:45,18,0,0
BRDA:45,18,1,0
BRDA:47,19,0,0
BRDA:47,19,1,0
BRDA:49,20,0,0
BRDA:49,20,1,0
BRDA:49,21,0,0
BRDA:49,21,1,0
BRF:45
BRH:6
end_of_record
TN:
SF:src\lib\firebase.js
FN:19,initFirebase
FN:27,(anonymous_1)
FN:27,(anonymous_2)
FN:34,gP
FN:35,sP
FN:36,gS
FN:37,sS
FN:38,cS
FN:39,touchSession
FN:40,isSessionExpired
FN:41,isValidEmail
FN:44,fbSaveProgress
FN:50,(anonymous_12)
FN:52,(anonymous_13)
FN:72,(anonymous_14)
FN:85,fbLoadProgress
FN:90,fbRegister
FN:98,fbLogin
FN:102,fbLogout
FN:103,fbResetPassword
FN:107,friendlyError
FN:131,generateFamilyCode
FN:131,(anonymous_22)
FN:132,getLocalFamily
FN:133,saveLocalFamily
FN:134,fbCreateFamily
FN:145,fbJoinFamily
FN:150,(anonymous_27)
FN:159,fbGetFamilyMembers
FN:166,(anonymous_29)
FN:174,(anonymous_30)
FN:177,fbLeaveFamily
FN:181,(anonymous_32)
FN:182,(anonymous_33)
FN:189,fbLoadUserFamily
FN:197,(anonymous_35)
FN:201,fbOnAuthStateChanged
FN:201,(anonymous_37)
FN:202,fbGetLeaderboard
FN:208,(anonymous_39)
FN:210,(anonymous_40)
FNF:41
FNH:5
FNDA:5,initFirebase
FNDA:0,(anonymous_1)
FNDA:0,(anonymous_2)
FNDA:0,gP
FNDA:0,sP
FNDA:0,gS
FNDA:0,sS
FNDA:0,cS
FNDA:0,touchSession
FNDA:0,isSessionExpired
FNDA:6,isValidEmail
FNDA:0,fbSaveProgress
FNDA:0,(anonymous_12)
FNDA:0,(anonymous_13)
FNDA:0,(anonymous_14)
FNDA:0,fbLoadProgress
FNDA:0,fbRegister
FNDA:0,fbLogin
FNDA:0,fbLogout
FNDA:0,fbResetPassword
FNDA:11,friendlyError
FNDA:71,generateFamilyCode
FNDA:426,(anonymous_22)
FNDA:0,getLocalFamily
FNDA:0,saveLocalFamily
FNDA:0,fbCreateFamily
FNDA:0,fbJoinFamily
FNDA:0,(anonymous_27)
FNDA:0,fbGetFamilyMembers
FNDA:0,(anonymous_29)
FNDA:0,(anonymous_30)
FNDA:0,fbLeaveFamily
FNDA:0,(anonymous_32)
FNDA:0,(anonymous_33)
FNDA:0,fbLoadUserFamily
FNDA:0,(anonymous_35)
FNDA:0,fbOnAuthStateChanged
FNDA:0,(anonymous_37)
FNDA:0,fbGetLeaderboard
FNDA:0,(anonymous_39)
FNDA:0,(anonymous_40)
DA:9,5
DA:17,5
DA:18,5
DA:20,5
DA:21,5
DA:22,5
DA:23,5
DA:27,5
DA:28,0
DA:31,5
DA:34,0
DA:35,0
DA:36,0
DA:37,0
DA:38,0
DA:39,0
DA:40,0
DA:41,6
DA:45,0
DA:46,0
DA:47,0
DA:49,0
DA:50,0
DA:51,0
DA:52,0
DA:53,0
DA:54,0
DA:56,0
DA:57,0
DA:58,0
DA:59,0
DA:61,0
DA:64,0
DA:66,0
DA:68,0
DA:71,0
DA:72,0
DA:73,0
DA:74,0
DA:75,0
DA:77,0
DA:78,0
DA:80,0
DA:81,0
DA:86,0
DA:87,0
DA:88,0
DA:91,0
DA:92,0
DA:93,0
DA:94,0
DA:95,0
DA:96,0
DA:99,0
DA:100,0
DA:102,0
DA:104,0
DA:105,0
DA:108,11
DA:109,9
DA:110,8
DA:111,8
DA:112,8
DA:113,5
DA:114,4
DA:115,3
DA:116,3
DA:117,3
DA:118,2
DA:119,2
DA:120,2
DA:121,2
DA:122,2
DA:123,2
DA:124,2
DA:125,1
DA:126,1
DA:127,1
DA:131,426
DA:132,0
DA:133,0
DA:135,0
DA:136,0
DA:137,0
DA:138,0
DA:139,0
DA:140,0
DA:141,0
DA:142,0
DA:143,0
DA:146,0
DA:147,0
DA:148,0
DA:149,0
DA:150,0
DA:151,0
DA:152,0
DA:153,0
DA:154,0
DA:155,0
DA:156,0
DA:157,0
DA:160,0
DA:161,0
DA:162,0
DA:163,0
DA:164,0
DA:166,0
DA:167,0
DA:168,0
DA:169,0
DA:170,0
DA:171,0
DA:172,0
DA:174,0
DA:175,0
DA:178,0
DA:179,0
DA:180,0
DA:181,0
DA:182,0
DA:183,0
DA:184,0
DA:185,0
DA:186,0
DA:187,0
DA:190,0
DA:191,0
DA:192,0
DA:193,0
DA:194,0
DA:195,0
DA:196,0
DA:197,0
DA:198,0
DA:199,0
DA:201,0
DA:203,0
DA:204,0
DA:206,0
DA:207,0
DA:208,0
DA:209,0
DA:210,0
DA:211,0
LF:145
LH:31
BRDA:20,0,0,0
BRDA:20,0,1,5
BRDA:22,1,0,0
BRDA:22,1,1,5
BRDA:39,2,0,0
BRDA:39,2,1,0
BRDA:40,3,0,0
BRDA:40,3,1,0
BRDA:40,4,0,0
BRDA:40,4,1,0
BRDA:45,5,0,0
BRDA:45,5,1,0
BRDA:45,6,0,0
BRDA:45,6,1,0
BRDA:47,7,0,0
BRDA:47,7,1,0
BRDA:47,7,2,0
BRDA:49,8,0,0
BRDA:49,8,1,0
BRDA:49,9,0,0
BRDA:49,9,1,0
BRDA:49,9,2,0
BRDA:49,10,0,0
BRDA:49,10,1,0
BRDA:49,10,2,0
BRDA:56,11,0,0
BRDA:56,11,1,0
BRDA:58,12,0,0
BRDA:58,12,1,0
BRDA:59,13,0,0
BRDA:59,13,1,0
BRDA:73,14,0,0
BRDA:73,14,1,0
BRDA:73,15,0,0
BRDA:73,15,1,0
BRDA:74,16,0,0
BRDA:74,16,1,0
BRDA:75,17,0,0
BRDA:75,17,1,0
BRDA:86,18,0,0
BRDA:86,18,1,0
BRDA:86,19,0,0
BRDA:86,19,1,0
BRDA:88,20,0,0
BRDA:88,20,1,0
BRDA:88,21,0,0
BRDA:88,21,1,0
BRDA:88,22,0,0
BRDA:88,22,1,0
BRDA:91,23,0,0
BRDA:91,23,1,0
BRDA:91,24,0,0
BRDA:91,24,1,0
BRDA:99,25,0,0
BRDA:99,25,1,0
BRDA:99,26,0,0
BRDA:99,26,1,0
BRDA:102,27,0,0
BRDA:102,27,1,0
BRDA:102,28,0,0
BRDA:102,28,1,0
BRDA:104,29,0,0
BRDA:104,29,1,0
BRDA:104,30,0,0
BRDA:104,30,1,0
BRDA:108,31,0,2
BRDA:108,31,1,9
BRDA:109,32,0,1
BRDA:109,32,1,8
BRDA:110,33,0,0
BRDA:110,33,1,8
BRDA:111,34,0,0
BRDA:111,34,1,8
BRDA:112,35,0,3
BRDA:112,35,1,5
BRDA:112,36,0,8
BRDA:112,36,1,7
BRDA:112,36,2,6
BRDA:113,37,0,1
BRDA:113,37,1,4
BRDA:114,38,0,1
BRDA:114,38,1,3
BRDA:115,39,0,0
BRDA:115,39,1,3
BRDA:116,40,0,0
BRDA:116,40,1,3
BRDA:116,41,0,3
BRDA:116,41,1,3
BRDA:117,42,0,1
BRDA:117,42,1,2
BRDA:118,43,0,0
BRDA:118,43,1,2
BRDA:119,44,0,0
BRDA:119,44,1,2
BRDA:120,45,0,0
BRDA:120,45,1,2
BRDA:121,46,0,0
BRDA:121,46,1,2
BRDA:122,47,0,0
BRDA:122,47,1,2
BRDA:123,48,0,0
BRDA:123,48,1,2
BRDA:124,49,0,1
BRDA:124,49,1,1
BRDA:125,50,0,0
BRDA:125,50,1,1
BRDA:126,51,0,0
BRDA:126,51,1,1
BRDA:127,52,0,1
BRDA:127,52,1,0
BRDA:132,53,0,0
BRDA:132,53,1,0
BRDA:135,54,0,0
BRDA:135,54,1,0
BRDA:135,55,0,0
BRDA:135,55,1,0
BRDA:138,56,0,0
BRDA:138,56,1,0
BRDA:146,57,0,0
BRDA:146,57,1,0
BRDA:146,58,0,0
BRDA:146,58,1,0
BRDA:148,59,0,0
BRDA:148,59,1,0
BRDA:149,60,0,0
BRDA:149,60,1,0
BRDA:149,61,0,0
BRDA:149,61,1,0
BRDA:150,62,0,0
BRDA:150,62,1,0
BRDA:160,63,0,0
BRDA:160,63,1,0
BRDA:160,64,0,0
BRDA:160,64,1,0
BRDA:163,65,0,0
BRDA:163,65,1,0
BRDA:164,66,0,0
BRDA:164,66,1,0
BRDA:170,67,0,0
BRDA:170,67,1,0
BRDA:171,68,0,0
BRDA:171,68,1,0
BRDA:171,69,0,0
BRDA:171,69,1,0
BRDA:178,70,0,0
BRDA:178,70,1,0
BRDA:178,71,0,0
BRDA:178,71,1,0
BRDA:180,72,0,0
BRDA:180,72,1,0
BRDA:181,73,0,0
BRDA:181,73,1,0
BRDA:182,74,0,0
BRDA:182,74,1,0
BRDA:190,75,0,0
BRDA:190,75,1,0
BRDA:190,76,0,0
BRDA:190,76,1,0
BRDA:193,77,0,0
BRDA:193,77,1,0
BRDA:193,78,0,0
BRDA:193,78,1,0
BRDA:196,79,0,0
BRDA:196,79,1,0
BRDA:198,80,0,0
BRDA:198,80,1,0
BRDA:201,81,0,0
BRDA:201,81,1,0
BRDA:201,82,0,0
BRDA:201,82,1,0
BRDA:203,83,0,0
BRDA:203,83,1,0
BRDA:203,84,0,0
BRDA:203,84,1,0
BRDA:209,85,0,0
BRDA:209,85,1,0
BRDA:209,86,0,0
BRDA:209,86,1,0
BRDA:209,87,0,0
BRDA:209,87,1,0
BRF:180
BRH:34
end_of_record
